running egg_info
creating ../../build/teleop_core/teleop_core.egg-info
writing ../../build/teleop_core/teleop_core.egg-info/PKG-INFO
writing dependency_links to ../../build/teleop_core/teleop_core.egg-info/dependency_links.txt
writing entry points to ../../build/teleop_core/teleop_core.egg-info/entry_points.txt
writing requirements to ../../build/teleop_core/teleop_core.egg-info/requires.txt
writing top-level names to ../../build/teleop_core/teleop_core.egg-info/top_level.txt
writing manifest file '../../build/teleop_core/teleop_core.egg-info/SOURCES.txt'
reading manifest file '../../build/teleop_core/teleop_core.egg-info/SOURCES.txt'
writing manifest file '../../build/teleop_core/teleop_core.egg-info/SOURCES.txt'
running build
running build_py
creating /home/frank/frank_ws/build/teleop_core/build
creating /home/frank/frank_ws/build/teleop_core/build/lib
creating /home/frank/frank_ws/build/teleop_core/build/lib/teleop_core
copying teleop_core/__init__.py -> /home/frank/frank_ws/build/teleop_core/build/lib/teleop_core
copying teleop_core/run_joy.py -> /home/frank/frank_ws/build/teleop_core/build/lib/teleop_core
running install
running install_lib
creating /home/frank/frank_ws/install/lib/python3.10/site-packages/teleop_core
copying /home/frank/frank_ws/build/teleop_core/build/lib/teleop_core/__init__.py -> /home/frank/frank_ws/install/lib/python3.10/site-packages/teleop_core
copying /home/frank/frank_ws/build/teleop_core/build/lib/teleop_core/run_joy.py -> /home/frank/frank_ws/install/lib/python3.10/site-packages/teleop_core
byte-compiling /home/frank/frank_ws/install/lib/python3.10/site-packages/teleop_core/__init__.py to __init__.cpython-310.pyc
byte-compiling /home/frank/frank_ws/install/lib/python3.10/site-packages/teleop_core/run_joy.py to run_joy.cpython-310.pyc
running install_data
copying resource/teleop_core -> /home/frank/frank_ws/install/share/ament_index/resource_index/packages
copying package.xml -> /home/frank/frank_ws/install/share/teleop_core
copying launch/teleop_node.launch.py -> /home/frank/frank_ws/install/share/teleop_core
running install_egg_info
Copying ../../build/teleop_core/teleop_core.egg-info to /home/frank/frank_ws/install/lib/python3.10/site-packages/teleop_core-0.0.0-py3.10.egg-info
running install_scripts
Installing rover2_joy script to /home/frank/frank_ws/install/lib/teleop_core
writing list of installed files to '/home/frank/frank_ws/build/teleop_core/install.log'
