[1.660s] Invoking command in '/home/frank/frank_ws/src/teleop_core': PYTHONPATH=/home/frank/frank_ws/build/teleop_core/prefix_override:/usr/lib/python3/dist-packages/colcon_core/task/python/colcon_distutils_commands:/home/frank/frank_ws/install/lib/python3.10/site-packages:${PYTHONPATH} /usr/bin/python3 -W ignore:setup.py install is deprecated -W ignore:easy_install command is deprecated setup.py egg_info --egg-base ../../build/teleop_core build --build-base /home/frank/frank_ws/build/teleop_core/build install --record /home/frank/frank_ws/build/teleop_core/install.log --single-version-externally-managed install_data
[2.405s] running egg_info
[2.406s] creating ../../build/teleop_core/teleop_core.egg-info
[2.407s] writing ../../build/teleop_core/teleop_core.egg-info/PKG-INFO
[2.407s] writing dependency_links to ../../build/teleop_core/teleop_core.egg-info/dependency_links.txt
[2.408s] writing entry points to ../../build/teleop_core/teleop_core.egg-info/entry_points.txt
[2.408s] writing requirements to ../../build/teleop_core/teleop_core.egg-info/requires.txt
[2.408s] writing top-level names to ../../build/teleop_core/teleop_core.egg-info/top_level.txt
[2.408s] writing manifest file '../../build/teleop_core/teleop_core.egg-info/SOURCES.txt'
[2.413s] reading manifest file '../../build/teleop_core/teleop_core.egg-info/SOURCES.txt'
[2.414s] writing manifest file '../../build/teleop_core/teleop_core.egg-info/SOURCES.txt'
[2.415s] running build
[2.415s] running build_py
[2.415s] creating /home/frank/frank_ws/build/teleop_core/build
[2.415s] creating /home/frank/frank_ws/build/teleop_core/build/lib
[2.415s] creating /home/frank/frank_ws/build/teleop_core/build/lib/teleop_core
[2.416s] copying teleop_core/__init__.py -> /home/frank/frank_ws/build/teleop_core/build/lib/teleop_core
[2.416s] copying teleop_core/run_joy.py -> /home/frank/frank_ws/build/teleop_core/build/lib/teleop_core
[2.416s] running install
[2.417s] running install_lib
[2.418s] creating /home/frank/frank_ws/install/lib/python3.10/site-packages/teleop_core
[2.419s] copying /home/frank/frank_ws/build/teleop_core/build/lib/teleop_core/__init__.py -> /home/frank/frank_ws/install/lib/python3.10/site-packages/teleop_core
[2.419s] copying /home/frank/frank_ws/build/teleop_core/build/lib/teleop_core/run_joy.py -> /home/frank/frank_ws/install/lib/python3.10/site-packages/teleop_core
[2.420s] byte-compiling /home/frank/frank_ws/install/lib/python3.10/site-packages/teleop_core/__init__.py to __init__.cpython-310.pyc
[2.420s] byte-compiling /home/frank/frank_ws/install/lib/python3.10/site-packages/teleop_core/run_joy.py to run_joy.cpython-310.pyc
[2.422s] running install_data
[2.422s] copying resource/teleop_core -> /home/frank/frank_ws/install/share/ament_index/resource_index/packages
[2.422s] copying package.xml -> /home/frank/frank_ws/install/share/teleop_core
[2.422s] copying launch/teleop_node.launch.py -> /home/frank/frank_ws/install/share/teleop_core
[2.423s] running install_egg_info
[2.430s] Copying ../../build/teleop_core/teleop_core.egg-info to /home/frank/frank_ws/install/lib/python3.10/site-packages/teleop_core-0.0.0-py3.10.egg-info
[2.431s] running install_scripts
[2.529s] Installing rover2_joy script to /home/frank/frank_ws/install/lib/teleop_core
[2.544s] writing list of installed files to '/home/frank/frank_ws/build/teleop_core/install.log'
[2.725s] Invoked command in '/home/frank/frank_ws/src/teleop_core' returned '0': PYTHONPATH=/home/frank/frank_ws/build/teleop_core/prefix_override:/usr/lib/python3/dist-packages/colcon_core/task/python/colcon_distutils_commands:/home/frank/frank_ws/install/lib/python3.10/site-packages:${PYTHONPATH} /usr/bin/python3 -W ignore:setup.py install is deprecated -W ignore:easy_install command is deprecated setup.py egg_info --egg-base ../../build/teleop_core build --build-base /home/frank/frank_ws/build/teleop_core/build install --record /home/frank/frank_ws/build/teleop_core/install.log --single-version-externally-managed install_data
