[0.033s] Invoking command in '/home/frank/frank_ws/build/ombot_bringup': CMAKE_PREFIX_PATH=/opt/ros/humble:${CMAKE_PREFIX_PATH} LD_LIBRARY_PATH=/home/frank/frank_ws/install/lib:/opt/ros/humble/opt/rviz_ogre_vendor/lib:/opt/ros/humble/lib/aarch64-linux-gnu:/opt/ros/humble/lib:/usr/local/cuda-12.6/lib64 PYTHONPATH=/home/frank/frank_ws/install/lib/python3.10/site-packages:${PYTHONPATH} /usr/bin/cmake /home/frank/frank_ws/src/ombot_bringup -DCMAKE_INSTALL_PREFIX=/home/frank/frank_ws/install
[0.148s] -- The C compiler identification is GNU 11.4.0
[0.274s] -- The CXX compiler identification is GNU 11.4.0
[0.298s] -- Detecting C compiler ABI info
[0.474s] -- Detecting C compiler ABI info - done
[0.500s] -- Check for working C compiler: /usr/bin/cc - skipped
[0.501s] -- Detecting C compile features
[0.503s] -- Detecting C compile features - done
[0.514s] -- Detecting CXX compiler ABI info
[0.702s] -- Detecting CXX compiler ABI info - done
[0.728s] -- Check for working CXX compiler: /usr/bin/c++ - skipped
[0.729s] -- Detecting CXX compile features
[0.731s] -- Detecting CXX compile features - done
[0.739s] -- Found ament_cmake: 1.3.12 (/opt/ros/humble/share/ament_cmake/cmake)
[1.076s] -- Found Python3: /usr/bin/python3 (found version "3.10.12") found components: Interpreter 
[1.395s] -- Configuring done
[1.406s] -- Generating done
[1.411s] -- Build files have been written to: /home/frank/frank_ws/build/ombot_bringup
[1.428s] Invoked command in '/home/frank/frank_ws/build/ombot_bringup' returned '0': CMAKE_PREFIX_PATH=/opt/ros/humble:${CMAKE_PREFIX_PATH} LD_LIBRARY_PATH=/home/frank/frank_ws/install/lib:/opt/ros/humble/opt/rviz_ogre_vendor/lib:/opt/ros/humble/lib/aarch64-linux-gnu:/opt/ros/humble/lib:/usr/local/cuda-12.6/lib64 PYTHONPATH=/home/frank/frank_ws/install/lib/python3.10/site-packages:${PYTHONPATH} /usr/bin/cmake /home/frank/frank_ws/src/ombot_bringup -DCMAKE_INSTALL_PREFIX=/home/frank/frank_ws/install
[1.434s] Invoking command in '/home/frank/frank_ws/build/ombot_bringup': CMAKE_PREFIX_PATH=/opt/ros/humble:${CMAKE_PREFIX_PATH} LD_LIBRARY_PATH=/home/frank/frank_ws/install/lib:/opt/ros/humble/opt/rviz_ogre_vendor/lib:/opt/ros/humble/lib/aarch64-linux-gnu:/opt/ros/humble/lib:/usr/local/cuda-12.6/lib64 PYTHONPATH=/home/frank/frank_ws/install/lib/python3.10/site-packages:${PYTHONPATH} /usr/bin/cmake --build /home/frank/frank_ws/build/ombot_bringup -- -j6 -l6
[1.525s] Invoked command in '/home/frank/frank_ws/build/ombot_bringup' returned '0': CMAKE_PREFIX_PATH=/opt/ros/humble:${CMAKE_PREFIX_PATH} LD_LIBRARY_PATH=/home/frank/frank_ws/install/lib:/opt/ros/humble/opt/rviz_ogre_vendor/lib:/opt/ros/humble/lib/aarch64-linux-gnu:/opt/ros/humble/lib:/usr/local/cuda-12.6/lib64 PYTHONPATH=/home/frank/frank_ws/install/lib/python3.10/site-packages:${PYTHONPATH} /usr/bin/cmake --build /home/frank/frank_ws/build/ombot_bringup -- -j6 -l6
[1.529s] Invoking command in '/home/frank/frank_ws/build/ombot_bringup': CMAKE_PREFIX_PATH=/opt/ros/humble:${CMAKE_PREFIX_PATH} LD_LIBRARY_PATH=/home/frank/frank_ws/install/lib:/opt/ros/humble/opt/rviz_ogre_vendor/lib:/opt/ros/humble/lib/aarch64-linux-gnu:/opt/ros/humble/lib:/usr/local/cuda-12.6/lib64 PYTHONPATH=/home/frank/frank_ws/install/lib/python3.10/site-packages:${PYTHONPATH} /usr/bin/cmake --install /home/frank/frank_ws/build/ombot_bringup
[1.549s] -- Install configuration: ""
[1.550s] -- Installing: /home/frank/frank_ws/install/share/ombot_bringup/launch
[1.550s] -- Installing: /home/frank/frank_ws/install/share/ombot_bringup/launch/send_trajectory_om.launch.py
[1.551s] -- Installing: /home/frank/frank_ws/install/share/ombot_bringup/launch/ombot_base_controller.launch.py
[1.552s] -- Installing: /home/frank/frank_ws/install/share/ombot_bringup/launch/joint_impedance_controller.launch.py
[1.552s] -- Installing: /home/frank/frank_ws/install/share/ombot_bringup/launch/gravity_controller.launch.py
[1.552s] -- Installing: /home/frank/frank_ws/install/share/ombot_bringup/launch/ombot_effort_controller.launch.py
[1.552s] -- Installing: /home/frank/frank_ws/install/share/ombot_bringup/config
[1.553s] -- Installing: /home/frank/frank_ws/install/share/ombot_bringup/config/ombot_controller.yaml
[1.553s] -- Installing: /home/frank/frank_ws/install/share/ament_index/resource_index/package_run_dependencies/ombot_bringup
[1.553s] -- Installing: /home/frank/frank_ws/install/share/ament_index/resource_index/parent_prefix_path/ombot_bringup
[1.554s] -- Installing: /home/frank/frank_ws/install/share/ombot_bringup/environment/ament_prefix_path.sh
[1.554s] -- Installing: /home/frank/frank_ws/install/share/ombot_bringup/environment/ament_prefix_path.dsv
[1.554s] -- Installing: /home/frank/frank_ws/install/share/ombot_bringup/environment/path.sh
[1.555s] -- Installing: /home/frank/frank_ws/install/share/ombot_bringup/environment/path.dsv
[1.555s] -- Installing: /home/frank/frank_ws/install/share/ombot_bringup/local_setup.bash
[1.555s] -- Installing: /home/frank/frank_ws/install/share/ombot_bringup/local_setup.sh
[1.556s] -- Installing: /home/frank/frank_ws/install/share/ombot_bringup/local_setup.zsh
[1.556s] -- Installing: /home/frank/frank_ws/install/share/ombot_bringup/local_setup.dsv
[1.556s] -- Installing: /home/frank/frank_ws/install/share/ombot_bringup/package.dsv
[1.556s] -- Installing: /home/frank/frank_ws/install/share/ament_index/resource_index/packages/ombot_bringup
[1.557s] -- Installing: /home/frank/frank_ws/install/share/ombot_bringup/cmake/ombot_bringupConfig.cmake
[1.557s] -- Installing: /home/frank/frank_ws/install/share/ombot_bringup/cmake/ombot_bringupConfig-version.cmake
[1.557s] -- Installing: /home/frank/frank_ws/install/share/ombot_bringup/package.xml
[1.564s] Invoked command in '/home/frank/frank_ws/build/ombot_bringup' returned '0': CMAKE_PREFIX_PATH=/opt/ros/humble:${CMAKE_PREFIX_PATH} LD_LIBRARY_PATH=/home/frank/frank_ws/install/lib:/opt/ros/humble/opt/rviz_ogre_vendor/lib:/opt/ros/humble/lib/aarch64-linux-gnu:/opt/ros/humble/lib:/usr/local/cuda-12.6/lib64 PYTHONPATH=/home/frank/frank_ws/install/lib/python3.10/site-packages:${PYTHONPATH} /usr/bin/cmake --install /home/frank/frank_ws/build/ombot_bringup
