-- The C compiler identification is GNU 11.4.0
-- The CXX compiler identification is GNU 11.4.0
-- Detecting C compiler ABI info
-- Detecting C compiler ABI info - done
-- Check for working C compiler: /usr/bin/cc - skipped
-- Detecting C compile features
-- Detecting C compile features - done
-- Detecting CXX compiler ABI info
-- Detecting CXX compiler ABI info - done
-- Check for working CXX compiler: /usr/bin/c++ - skipped
-- Detecting CXX compile features
-- Detecting CXX compile features - done
-- Found ament_cmake: 1.3.12 (/opt/ros/humble/share/ament_cmake/cmake)
-- Found Python3: /usr/bin/python3 (found version "3.10.12") found components: Interpreter 
-- Found rclcpp: 16.0.15 (/opt/ros/humble/share/rclcpp/cmake)
-- Found rosidl_generator_c: 3.1.7 (/opt/ros/humble/share/rosidl_generator_c/cmake)
-- Found rosidl_adapter: 3.1.7 (/opt/ros/humble/share/rosidl_adapter/cmake)
-- Found rosidl_generator_cpp: 3.1.7 (/opt/ros/humble/share/rosidl_generator_cpp/cmake)
-- Using all available rosidl_typesupport_c: rosidl_typesupport_fastrtps_c;rosidl_typesupport_introspection_c
-- Using all available rosidl_typesupport_cpp: rosidl_typesupport_fastrtps_cpp;rosidl_typesupport_introspection_cpp
-- Found rmw_implementation_cmake: 6.1.2 (/opt/ros/humble/share/rmw_implementation_cmake/cmake)
-- Found rmw_fastrtps_cpp: 6.2.8 (/opt/ros/humble/share/rmw_fastrtps_cpp/cmake)
-- Found OpenSSL: /usr/lib/aarch64-linux-gnu/libcrypto.so (found version "3.0.2")  
-- Found FastRTPS: /opt/ros/humble/include  
-- Using RMW implementation 'rmw_fastrtps_cpp' as default
-- Looking for pthread.h
-- Looking for pthread.h - found
-- Performing Test CMAKE_HAVE_LIBC_PTHREAD
-- Performing Test CMAKE_HAVE_LIBC_PTHREAD - Success
-- Found Threads: TRUE  
-- Found geometry_msgs: 4.9.0 (/opt/ros/humble/share/geometry_msgs/cmake)
-- Found nav_msgs: 4.9.0 (/opt/ros/humble/share/nav_msgs/cmake)
-- Found sensor_msgs: 4.9.0 (/opt/ros/humble/share/sensor_msgs/cmake)
-- Found tf2: 0.25.16 (/opt/ros/humble/share/tf2/cmake)
-- Found tf2_ros: 0.25.16 (/opt/ros/humble/share/tf2_ros/cmake)
-- Configuring done
-- Generating done
-- Build files have been written to: /home/frank/frank_ws/build/ombot_base_kinematics
[ 50%] [32mBuilding CXX object CMakeFiles/mecanum_kinod.dir/src/mecanum_kinod.cpp.o[0m
[100%] [32m[1mLinking CXX executable mecanum_kinod[0m
[100%] Built target mecanum_kinod
-- Install configuration: ""
-- Installing: /home/frank/frank_ws/install/lib/ombot_base_kinematics/mecanum_kinod
-- Set runtime path of "/home/frank/frank_ws/install/lib/ombot_base_kinematics/mecanum_kinod" to ""
-- Up-to-date: /home/frank/frank_ws/install/include
-- Installing: /home/frank/frank_ws/install/include/ombot_base_kinematics
-- Installing: /home/frank/frank_ws/install/include/ombot_base_kinematics/mecanum_kinod.hpp
-- Installing: /home/frank/frank_ws/install/share/ombot_base_kinematics/package.xml
-- Installing: /home/frank/frank_ws/install/share/ament_index/resource_index/package_run_dependencies/ombot_base_kinematics
-- Installing: /home/frank/frank_ws/install/share/ament_index/resource_index/parent_prefix_path/ombot_base_kinematics
-- Installing: /home/frank/frank_ws/install/share/ombot_base_kinematics/environment/ament_prefix_path.sh
-- Installing: /home/frank/frank_ws/install/share/ombot_base_kinematics/environment/ament_prefix_path.dsv
-- Installing: /home/frank/frank_ws/install/share/ombot_base_kinematics/environment/path.sh
-- Installing: /home/frank/frank_ws/install/share/ombot_base_kinematics/environment/path.dsv
-- Installing: /home/frank/frank_ws/install/share/ombot_base_kinematics/local_setup.bash
-- Installing: /home/frank/frank_ws/install/share/ombot_base_kinematics/local_setup.sh
-- Installing: /home/frank/frank_ws/install/share/ombot_base_kinematics/local_setup.zsh
-- Installing: /home/frank/frank_ws/install/share/ombot_base_kinematics/local_setup.dsv
-- Installing: /home/frank/frank_ws/install/share/ombot_base_kinematics/package.dsv
-- Installing: /home/frank/frank_ws/install/share/ament_index/resource_index/packages/ombot_base_kinematics
-- Installing: /home/frank/frank_ws/install/share/ombot_base_kinematics/cmake/ament_cmake_export_include_directories-extras.cmake
-- Installing: /home/frank/frank_ws/install/share/ombot_base_kinematics/cmake/ombot_base_kinematicsConfig.cmake
-- Installing: /home/frank/frank_ws/install/share/ombot_base_kinematics/cmake/ombot_base_kinematicsConfig-version.cmake
-- Up-to-date: /home/frank/frank_ws/install/share/ombot_base_kinematics/package.xml
