[0.057s] Invoking command in '/home/frank/frank_ws/build/ombot_base_kinematics': /usr/bin/cmake /home/frank/frank_ws/src/ombot_base_kinematics -DCATKIN_INSTALL_INTO_PREFIX_ROOT=0 -DCMAKE_INSTALL_PREFIX=/home/frank/frank_ws/install
[0.816s] -- The C compiler identification is GNU 11.4.0
[0.816s] -- The CXX compiler identification is GNU 11.4.0
[0.816s] -- Detecting C compiler ABI info
[0.817s] -- Detecting C compiler ABI info - done
[0.817s] -- Check for working C compiler: /usr/bin/cc - skipped
[0.817s] -- Detecting C compile features
[0.817s] -- Detecting C compile features - done
[0.817s] -- Detecting CXX compiler ABI info
[0.873s] -- Detecting CXX compiler ABI info - done
[0.889s] -- Check for working CXX compiler: /usr/bin/c++ - skipped
[0.892s] -- Detecting CXX compile features
[0.893s] -- Detecting CXX compile features - done
[0.903s] -- Found ament_cmake: 1.3.12 (/opt/ros/humble/share/ament_cmake/cmake)
[1.410s] -- Found Python3: /usr/bin/python3 (found version "3.10.12") found components: Interpreter 
[1.741s] -- Found rclcpp: 16.0.15 (/opt/ros/humble/share/rclcpp/cmake)
[1.832s] -- Found rosidl_generator_c: 3.1.7 (/opt/ros/humble/share/rosidl_generator_c/cmake)
[1.841s] -- Found rosidl_adapter: 3.1.7 (/opt/ros/humble/share/rosidl_adapter/cmake)
[1.858s] -- Found rosidl_generator_cpp: 3.1.7 (/opt/ros/humble/share/rosidl_generator_cpp/cmake)
[1.882s] -- Using all available rosidl_typesupport_c: rosidl_typesupport_fastrtps_c;rosidl_typesupport_introspection_c
[1.912s] -- Using all available rosidl_typesupport_cpp: rosidl_typesupport_fastrtps_cpp;rosidl_typesupport_introspection_cpp
[1.999s] -- Found rmw_implementation_cmake: 6.1.2 (/opt/ros/humble/share/rmw_implementation_cmake/cmake)
[2.003s] -- Found rmw_fastrtps_cpp: 6.2.8 (/opt/ros/humble/share/rmw_fastrtps_cpp/cmake)
[2.188s] -- Found OpenSSL: /usr/lib/aarch64-linux-gnu/libcrypto.so (found version "3.0.2")  
[2.238s] -- Found FastRTPS: /opt/ros/humble/include  
[2.318s] -- Using RMW implementation 'rmw_fastrtps_cpp' as default
[2.338s] -- Looking for pthread.h
[2.485s] -- Looking for pthread.h - found
[2.486s] -- Performing Test CMAKE_HAVE_LIBC_PTHREAD
[2.616s] -- Performing Test CMAKE_HAVE_LIBC_PTHREAD - Success
[2.618s] -- Found Threads: TRUE  
[2.706s] -- Found geometry_msgs: 4.9.0 (/opt/ros/humble/share/geometry_msgs/cmake)
[2.731s] -- Found nav_msgs: 4.9.0 (/opt/ros/humble/share/nav_msgs/cmake)
[2.761s] -- Found sensor_msgs: 4.9.0 (/opt/ros/humble/share/sensor_msgs/cmake)
[2.791s] -- Found tf2: 0.25.16 (/opt/ros/humble/share/tf2/cmake)
[2.808s] -- Found tf2_ros: 0.25.16 (/opt/ros/humble/share/tf2_ros/cmake)
[3.090s] -- Configuring done
[3.112s] -- Generating done
[3.115s] [33mCMake Warning:
[3.115s]   Manually-specified variables were not used by the project:
[3.117s] 
[3.119s]     CATKIN_INSTALL_INTO_PREFIX_ROOT
[3.119s] 
[3.120s] [0m
[3.121s] -- Build files have been written to: /home/frank/frank_ws/build/ombot_base_kinematics
[3.198s] Invoked command in '/home/frank/frank_ws/build/ombot_base_kinematics' returned '0': /usr/bin/cmake /home/frank/frank_ws/src/ombot_base_kinematics -DCATKIN_INSTALL_INTO_PREFIX_ROOT=0 -DCMAKE_INSTALL_PREFIX=/home/frank/frank_ws/install
[3.201s] Invoking command in '/home/frank/frank_ws/build/ombot_base_kinematics': /usr/bin/cmake --build /home/frank/frank_ws/build/ombot_base_kinematics -- -j6 -l6
[3.354s] [ 50%] [32mBuilding CXX object CMakeFiles/mecanum_kinod.dir/src/mecanum_kinod.cpp.o[0m
[24.829s] [100%] [32m[1mLinking CXX executable mecanum_kinod[0m
[25.775s] [100%] Built target mecanum_kinod
[25.800s] Invoked command in '/home/frank/frank_ws/build/ombot_base_kinematics' returned '0': /usr/bin/cmake --build /home/frank/frank_ws/build/ombot_base_kinematics -- -j6 -l6
[25.803s] Invoking command in '/home/frank/frank_ws/build/ombot_base_kinematics': /usr/bin/cmake --install /home/frank/frank_ws/build/ombot_base_kinematics
[25.824s] -- Install configuration: ""
[25.825s] -- Installing: /home/frank/frank_ws/install/lib/ombot_base_kinematics/mecanum_kinod
[25.834s] -- Set runtime path of "/home/frank/frank_ws/install/lib/ombot_base_kinematics/mecanum_kinod" to ""
[25.834s] -- Up-to-date: /home/frank/frank_ws/install/include
[25.835s] -- Installing: /home/frank/frank_ws/install/include/ombot_base_kinematics
[25.835s] -- Installing: /home/frank/frank_ws/install/include/ombot_base_kinematics/mecanum_kinod.hpp
[25.835s] -- Installing: /home/frank/frank_ws/install/share/ombot_base_kinematics/package.xml
[25.835s] -- Installing: /home/frank/frank_ws/install/share/ament_index/resource_index/package_run_dependencies/ombot_base_kinematics
[25.835s] -- Installing: /home/frank/frank_ws/install/share/ament_index/resource_index/parent_prefix_path/ombot_base_kinematics
[25.836s] -- Installing: /home/frank/frank_ws/install/share/ombot_base_kinematics/environment/ament_prefix_path.sh
[25.836s] -- Installing: /home/frank/frank_ws/install/share/ombot_base_kinematics/environment/ament_prefix_path.dsv
[25.836s] -- Installing: /home/frank/frank_ws/install/share/ombot_base_kinematics/environment/path.sh
[25.837s] -- Installing: /home/frank/frank_ws/install/share/ombot_base_kinematics/environment/path.dsv
[25.837s] -- Installing: /home/frank/frank_ws/install/share/ombot_base_kinematics/local_setup.bash
[25.837s] -- Installing: /home/frank/frank_ws/install/share/ombot_base_kinematics/local_setup.sh
[25.837s] -- Installing: /home/frank/frank_ws/install/share/ombot_base_kinematics/local_setup.zsh
[25.838s] -- Installing: /home/frank/frank_ws/install/share/ombot_base_kinematics/local_setup.dsv
[25.838s] -- Installing: /home/frank/frank_ws/install/share/ombot_base_kinematics/package.dsv
[25.838s] -- Installing: /home/frank/frank_ws/install/share/ament_index/resource_index/packages/ombot_base_kinematics
[25.839s] -- Installing: /home/frank/frank_ws/install/share/ombot_base_kinematics/cmake/ament_cmake_export_include_directories-extras.cmake
[25.839s] -- Installing: /home/frank/frank_ws/install/share/ombot_base_kinematics/cmake/ombot_base_kinematicsConfig.cmake
[25.839s] -- Installing: /home/frank/frank_ws/install/share/ombot_base_kinematics/cmake/ombot_base_kinematicsConfig-version.cmake
[25.839s] -- Up-to-date: /home/frank/frank_ws/install/share/ombot_base_kinematics/package.xml
[25.844s] Invoked command in '/home/frank/frank_ws/build/ombot_base_kinematics' returned '0': /usr/bin/cmake --install /home/frank/frank_ws/build/ombot_base_kinematics
