/home/frank/frank_ws/install/lib/python3.10/site-packages/locomotion_core/__init__.py
/home/frank/frank_ws/install/lib/python3.10/site-packages/locomotion_core/cmd_roboteq_test.py
/home/frank/frank_ws/install/lib/python3.10/site-packages/locomotion_core/cmd_roboteq.py
/home/frank/frank_ws/install/lib/python3.10/site-packages/locomotion_core/rover_velocity.py
/home/frank/frank_ws/install/lib/python3.10/site-packages/locomotion_core/RoverDescription.py
/home/frank/frank_ws/install/lib/python3.10/site-packages/locomotion_core/driver_node.py
/home/frank/frank_ws/install/lib/python3.10/site-packages/locomotion_core/RobotDefinition.py
/home/frank/frank_ws/install/lib/python3.10/site-packages/locomotion_core/__pycache__/__init__.cpython-310.pyc
/home/frank/frank_ws/install/lib/python3.10/site-packages/locomotion_core/__pycache__/cmd_roboteq_test.cpython-310.pyc
/home/frank/frank_ws/install/lib/python3.10/site-packages/locomotion_core/__pycache__/cmd_roboteq.cpython-310.pyc
/home/frank/frank_ws/install/lib/python3.10/site-packages/locomotion_core/__pycache__/rover_velocity.cpython-310.pyc
/home/frank/frank_ws/install/lib/python3.10/site-packages/locomotion_core/__pycache__/RoverDescription.cpython-310.pyc
/home/frank/frank_ws/install/lib/python3.10/site-packages/locomotion_core/__pycache__/driver_node.cpython-310.pyc
/home/frank/frank_ws/install/lib/python3.10/site-packages/locomotion_core/__pycache__/RobotDefinition.cpython-310.pyc
/home/frank/frank_ws/install/share/ament_index/resource_index/packages/locomotion_core
/home/frank/frank_ws/install/share/locomotion_core/package.xml
/home/frank/frank_ws/install/lib/python3.10/site-packages/locomotion_core-0.0.0-py3.10.egg-info/dependency_links.txt
/home/frank/frank_ws/install/lib/python3.10/site-packages/locomotion_core-0.0.0-py3.10.egg-info/PKG-INFO
/home/frank/frank_ws/install/lib/python3.10/site-packages/locomotion_core-0.0.0-py3.10.egg-info/entry_points.txt
/home/frank/frank_ws/install/lib/python3.10/site-packages/locomotion_core-0.0.0-py3.10.egg-info/requires.txt
/home/frank/frank_ws/install/lib/python3.10/site-packages/locomotion_core-0.0.0-py3.10.egg-info/zip-safe
/home/frank/frank_ws/install/lib/python3.10/site-packages/locomotion_core-0.0.0-py3.10.egg-info/top_level.txt
/home/frank/frank_ws/install/lib/python3.10/site-packages/locomotion_core-0.0.0-py3.10.egg-info/SOURCES.txt
/home/frank/frank_ws/install/lib/locomotion_core/cmd_roboteq
/home/frank/frank_ws/install/lib/locomotion_core/drive_selector
/home/frank/frank_ws/install/lib/locomotion_core/movebase_core
/home/frank/frank_ws/install/lib/locomotion_core/rover_state_controller
/home/frank/frank_ws/install/lib/locomotion_core/rover_velocity
