[0.202s] DEBUG:colcon:Command line arguments: ['/usr/bin/colcon', 'build', '--merge-install']
[0.202s] DEBUG:colcon:Parsed command line arguments: Namespace(log_base=None, log_level=None, verb_name='build', build_base='build', install_base='install', merge_install=True, symlink_install=False, test_result_base=None, continue_on_error=False, executor='parallel', parallel_workers=6, event_handlers=None, ignore_user_meta=False, metas=['./colcon.meta'], base_paths=['.'], packages_ignore=None, packages_ignore_regex=None, paths=None, packages_up_to=None, packages_up_to_regex=None, packages_above=None, packages_above_and_dependencies=None, packages_above_depth=None, packages_select_by_dep=None, packages_skip_by_dep=None, packages_skip_up_to=None, packages_select_build_failed=False, packages_skip_build_finished=False, packages_select_test_failures=False, packages_skip_test_passed=False, packages_select=None, packages_skip=None, packages_select_regex=None, packages_skip_regex=None, packages_start=None, packages_end=None, allow_overriding=[], cmake_args=None, cmake_target=None, cmake_target_skip_unavailable=False, cmake_clean_cache=False, cmake_clean_first=False, cmake_force_configure=False, ament_cmake_args=None, catkin_cmake_args=None, catkin_skip_building_tests=False, mixin_files=None, mixin=None, verb_parser=<colcon_mixin.mixin.mixin_argument.MixinArgumentDecorator object at 0xffffabc75d80>, verb_extension=<colcon_core.verb.build.BuildVerb object at 0xffffabc758d0>, main=<bound method BuildVerb.main of <colcon_core.verb.build.BuildVerb object at 0xffffabc758d0>>, mixin_verb=('build',))
[0.514s] Level 1:colcon.colcon_core.package_discovery:discover_packages(colcon_meta) check parameters
[0.514s] Level 1:colcon.colcon_core.package_discovery:discover_packages(recursive) check parameters
[0.514s] Level 1:colcon.colcon_core.package_discovery:discover_packages(ignore) check parameters
[0.514s] Level 1:colcon.colcon_core.package_discovery:discover_packages(path) check parameters
[0.514s] Level 1:colcon.colcon_core.package_discovery:discover_packages(colcon_meta) discover
[0.514s] Level 1:colcon.colcon_core.package_discovery:discover_packages(recursive) discover
[0.515s] INFO:colcon.colcon_core.package_discovery:Crawling recursively for packages in '/home/frank/frank_ws'
[0.515s] Level 1:colcon.colcon_core.package_identification:_identify(.) by extensions ['ignore', 'ignore_ament_install']
[0.515s] Level 1:colcon.colcon_core.package_identification:_identify(.) by extension 'ignore'
[0.515s] Level 1:colcon.colcon_core.package_identification:_identify(.) by extension 'ignore_ament_install'
[0.515s] Level 1:colcon.colcon_core.package_identification:_identify(.) by extensions ['colcon_pkg']
[0.515s] Level 1:colcon.colcon_core.package_identification:_identify(.) by extension 'colcon_pkg'
[0.515s] Level 1:colcon.colcon_core.package_identification:_identify(.) by extensions ['colcon_meta']
[0.515s] Level 1:colcon.colcon_core.package_identification:_identify(.) by extension 'colcon_meta'
[0.515s] Level 1:colcon.colcon_core.package_identification:_identify(.) by extensions ['ros']
[0.516s] Level 1:colcon.colcon_core.package_identification:_identify(.) by extension 'ros'
[0.535s] Level 1:colcon.colcon_core.package_identification:_identify(.) by extensions ['cmake', 'python']
[0.535s] Level 1:colcon.colcon_core.package_identification:_identify(.) by extension 'cmake'
[0.536s] Level 1:colcon.colcon_core.package_identification:_identify(.) by extension 'python'
[0.536s] Level 1:colcon.colcon_core.package_identification:_identify(.) by extensions ['python_setup_py']
[0.536s] Level 1:colcon.colcon_core.package_identification:_identify(.) by extension 'python_setup_py'
[0.536s] Level 1:colcon.colcon_core.package_identification:_identify(build) by extensions ['ignore', 'ignore_ament_install']
[0.536s] Level 1:colcon.colcon_core.package_identification:_identify(build) by extension 'ignore'
[0.536s] Level 1:colcon.colcon_core.package_identification:_identify(build) ignored
[0.537s] Level 1:colcon.colcon_core.package_identification:_identify(install) by extensions ['ignore', 'ignore_ament_install']
[0.537s] Level 1:colcon.colcon_core.package_identification:_identify(install) by extension 'ignore'
[0.537s] Level 1:colcon.colcon_core.package_identification:_identify(install) ignored
[0.537s] Level 1:colcon.colcon_core.package_identification:_identify(log) by extensions ['ignore', 'ignore_ament_install']
[0.537s] Level 1:colcon.colcon_core.package_identification:_identify(log) by extension 'ignore'
[0.537s] Level 1:colcon.colcon_core.package_identification:_identify(log) ignored
[0.537s] Level 1:colcon.colcon_core.package_identification:_identify(src) by extensions ['ignore', 'ignore_ament_install']
[0.538s] Level 1:colcon.colcon_core.package_identification:_identify(src) by extension 'ignore'
[0.538s] Level 1:colcon.colcon_core.package_identification:_identify(src) by extension 'ignore_ament_install'
[0.538s] Level 1:colcon.colcon_core.package_identification:_identify(src) by extensions ['colcon_pkg']
[0.538s] Level 1:colcon.colcon_core.package_identification:_identify(src) by extension 'colcon_pkg'
[0.538s] Level 1:colcon.colcon_core.package_identification:_identify(src) by extensions ['colcon_meta']
[0.538s] Level 1:colcon.colcon_core.package_identification:_identify(src) by extension 'colcon_meta'
[0.538s] Level 1:colcon.colcon_core.package_identification:_identify(src) by extensions ['ros']
[0.538s] Level 1:colcon.colcon_core.package_identification:_identify(src) by extension 'ros'
[0.538s] Level 1:colcon.colcon_core.package_identification:_identify(src) by extensions ['cmake', 'python']
[0.538s] Level 1:colcon.colcon_core.package_identification:_identify(src) by extension 'cmake'
[0.538s] Level 1:colcon.colcon_core.package_identification:_identify(src) by extension 'python'
[0.538s] Level 1:colcon.colcon_core.package_identification:_identify(src) by extensions ['python_setup_py']
[0.539s] Level 1:colcon.colcon_core.package_identification:_identify(src) by extension 'python_setup_py'
[0.539s] Level 1:colcon.colcon_core.package_identification:_identify(src/locomotion_core) by extensions ['ignore', 'ignore_ament_install']
[0.539s] Level 1:colcon.colcon_core.package_identification:_identify(src/locomotion_core) by extension 'ignore'
[0.539s] Level 1:colcon.colcon_core.package_identification:_identify(src/locomotion_core) by extension 'ignore_ament_install'
[0.539s] Level 1:colcon.colcon_core.package_identification:_identify(src/locomotion_core) by extensions ['colcon_pkg']
[0.539s] Level 1:colcon.colcon_core.package_identification:_identify(src/locomotion_core) by extension 'colcon_pkg'
[0.539s] Level 1:colcon.colcon_core.package_identification:_identify(src/locomotion_core) by extensions ['colcon_meta']
[0.539s] Level 1:colcon.colcon_core.package_identification:_identify(src/locomotion_core) by extension 'colcon_meta'
[0.539s] Level 1:colcon.colcon_core.package_identification:_identify(src/locomotion_core) by extensions ['ros']
[0.539s] Level 1:colcon.colcon_core.package_identification:_identify(src/locomotion_core) by extension 'ros'
[0.544s] DEBUG:colcon.colcon_core.package_identification:Package 'src/locomotion_core' with type 'ros.ament_python' and name 'locomotion_core'
[0.544s] Level 1:colcon.colcon_core.package_identification:_identify(src/ombot_base_kinematics) by extensions ['ignore', 'ignore_ament_install']
[0.544s] Level 1:colcon.colcon_core.package_identification:_identify(src/ombot_base_kinematics) by extension 'ignore'
[0.544s] Level 1:colcon.colcon_core.package_identification:_identify(src/ombot_base_kinematics) by extension 'ignore_ament_install'
[0.544s] Level 1:colcon.colcon_core.package_identification:_identify(src/ombot_base_kinematics) by extensions ['colcon_pkg']
[0.544s] Level 1:colcon.colcon_core.package_identification:_identify(src/ombot_base_kinematics) by extension 'colcon_pkg'
[0.544s] Level 1:colcon.colcon_core.package_identification:_identify(src/ombot_base_kinematics) by extensions ['colcon_meta']
[0.545s] Level 1:colcon.colcon_core.package_identification:_identify(src/ombot_base_kinematics) by extension 'colcon_meta'
[0.545s] Level 1:colcon.colcon_core.package_identification:_identify(src/ombot_base_kinematics) by extensions ['ros']
[0.545s] Level 1:colcon.colcon_core.package_identification:_identify(src/ombot_base_kinematics) by extension 'ros'
[0.547s] DEBUG:colcon.colcon_core.package_identification:Package 'src/ombot_base_kinematics' with type 'ros.catkin' and name 'ombot_base_kinematics'
[0.547s] Level 1:colcon.colcon_core.package_identification:_identify(src/ombot_bringup) by extensions ['ignore', 'ignore_ament_install']
[0.547s] Level 1:colcon.colcon_core.package_identification:_identify(src/ombot_bringup) by extension 'ignore'
[0.547s] Level 1:colcon.colcon_core.package_identification:_identify(src/ombot_bringup) by extension 'ignore_ament_install'
[0.547s] Level 1:colcon.colcon_core.package_identification:_identify(src/ombot_bringup) by extensions ['colcon_pkg']
[0.547s] Level 1:colcon.colcon_core.package_identification:_identify(src/ombot_bringup) by extension 'colcon_pkg'
[0.547s] Level 1:colcon.colcon_core.package_identification:_identify(src/ombot_bringup) by extensions ['colcon_meta']
[0.547s] Level 1:colcon.colcon_core.package_identification:_identify(src/ombot_bringup) by extension 'colcon_meta'
[0.547s] Level 1:colcon.colcon_core.package_identification:_identify(src/ombot_bringup) by extensions ['ros']
[0.547s] Level 1:colcon.colcon_core.package_identification:_identify(src/ombot_bringup) by extension 'ros'
[0.549s] DEBUG:colcon.colcon_core.package_identification:Package 'src/ombot_bringup' with type 'ros.ament_cmake' and name 'ombot_bringup'
[0.549s] Level 1:colcon.colcon_core.package_identification:_identify(src/ombot_controller) by extensions ['ignore', 'ignore_ament_install']
[0.549s] Level 1:colcon.colcon_core.package_identification:_identify(src/ombot_controller) by extension 'ignore'
[0.549s] Level 1:colcon.colcon_core.package_identification:_identify(src/ombot_controller) by extension 'ignore_ament_install'
[0.549s] Level 1:colcon.colcon_core.package_identification:_identify(src/ombot_controller) by extensions ['colcon_pkg']
[0.549s] Level 1:colcon.colcon_core.package_identification:_identify(src/ombot_controller) by extension 'colcon_pkg'
[0.549s] Level 1:colcon.colcon_core.package_identification:_identify(src/ombot_controller) by extensions ['colcon_meta']
[0.549s] Level 1:colcon.colcon_core.package_identification:_identify(src/ombot_controller) by extension 'colcon_meta'
[0.550s] Level 1:colcon.colcon_core.package_identification:_identify(src/ombot_controller) by extensions ['ros']
[0.550s] Level 1:colcon.colcon_core.package_identification:_identify(src/ombot_controller) by extension 'ros'
[0.552s] DEBUG:colcon.colcon_core.package_identification:Package 'src/ombot_controller' with type 'ros.ament_cmake' and name 'ombot_controller'
[0.552s] Level 1:colcon.colcon_core.package_identification:_identify(src/ombot_description) by extensions ['ignore', 'ignore_ament_install']
[0.552s] Level 1:colcon.colcon_core.package_identification:_identify(src/ombot_description) by extension 'ignore'
[0.552s] Level 1:colcon.colcon_core.package_identification:_identify(src/ombot_description) by extension 'ignore_ament_install'
[0.552s] Level 1:colcon.colcon_core.package_identification:_identify(src/ombot_description) by extensions ['colcon_pkg']
[0.552s] Level 1:colcon.colcon_core.package_identification:_identify(src/ombot_description) by extension 'colcon_pkg'
[0.552s] Level 1:colcon.colcon_core.package_identification:_identify(src/ombot_description) by extensions ['colcon_meta']
[0.552s] Level 1:colcon.colcon_core.package_identification:_identify(src/ombot_description) by extension 'colcon_meta'
[0.552s] Level 1:colcon.colcon_core.package_identification:_identify(src/ombot_description) by extensions ['ros']
[0.552s] Level 1:colcon.colcon_core.package_identification:_identify(src/ombot_description) by extension 'ros'
[0.553s] DEBUG:colcon.colcon_core.package_identification:Package 'src/ombot_description' with type 'ros.ament_cmake' and name 'ombot_description'
[0.554s] Level 1:colcon.colcon_core.package_identification:_identify(src/ombot_hardware) by extensions ['ignore', 'ignore_ament_install']
[0.554s] Level 1:colcon.colcon_core.package_identification:_identify(src/ombot_hardware) by extension 'ignore'
[0.554s] Level 1:colcon.colcon_core.package_identification:_identify(src/ombot_hardware) by extension 'ignore_ament_install'
[0.554s] Level 1:colcon.colcon_core.package_identification:_identify(src/ombot_hardware) by extensions ['colcon_pkg']
[0.554s] Level 1:colcon.colcon_core.package_identification:_identify(src/ombot_hardware) by extension 'colcon_pkg'
[0.554s] Level 1:colcon.colcon_core.package_identification:_identify(src/ombot_hardware) by extensions ['colcon_meta']
[0.554s] Level 1:colcon.colcon_core.package_identification:_identify(src/ombot_hardware) by extension 'colcon_meta'
[0.554s] Level 1:colcon.colcon_core.package_identification:_identify(src/ombot_hardware) by extensions ['ros']
[0.554s] Level 1:colcon.colcon_core.package_identification:_identify(src/ombot_hardware) by extension 'ros'
[0.556s] DEBUG:colcon.colcon_core.package_identification:Package 'src/ombot_hardware' with type 'ros.ament_cmake' and name 'ombot_hardware'
[0.556s] Level 1:colcon.colcon_core.package_identification:_identify(src/rover_launch) by extensions ['ignore', 'ignore_ament_install']
[0.556s] Level 1:colcon.colcon_core.package_identification:_identify(src/rover_launch) by extension 'ignore'
[0.556s] Level 1:colcon.colcon_core.package_identification:_identify(src/rover_launch) by extension 'ignore_ament_install'
[0.556s] Level 1:colcon.colcon_core.package_identification:_identify(src/rover_launch) by extensions ['colcon_pkg']
[0.556s] Level 1:colcon.colcon_core.package_identification:_identify(src/rover_launch) by extension 'colcon_pkg'
[0.556s] Level 1:colcon.colcon_core.package_identification:_identify(src/rover_launch) by extensions ['colcon_meta']
[0.557s] Level 1:colcon.colcon_core.package_identification:_identify(src/rover_launch) by extension 'colcon_meta'
[0.557s] Level 1:colcon.colcon_core.package_identification:_identify(src/rover_launch) by extensions ['ros']
[0.557s] Level 1:colcon.colcon_core.package_identification:_identify(src/rover_launch) by extension 'ros'
[0.558s] DEBUG:colcon.colcon_core.package_identification:Package 'src/rover_launch' with type 'ros.ament_cmake' and name 'rover_launch'
[0.558s] Level 1:colcon.colcon_core.package_identification:_identify(src/teleop_core) by extensions ['ignore', 'ignore_ament_install']
[0.558s] Level 1:colcon.colcon_core.package_identification:_identify(src/teleop_core) by extension 'ignore'
[0.558s] Level 1:colcon.colcon_core.package_identification:_identify(src/teleop_core) by extension 'ignore_ament_install'
[0.558s] Level 1:colcon.colcon_core.package_identification:_identify(src/teleop_core) by extensions ['colcon_pkg']
[0.558s] Level 1:colcon.colcon_core.package_identification:_identify(src/teleop_core) by extension 'colcon_pkg'
[0.558s] Level 1:colcon.colcon_core.package_identification:_identify(src/teleop_core) by extensions ['colcon_meta']
[0.558s] Level 1:colcon.colcon_core.package_identification:_identify(src/teleop_core) by extension 'colcon_meta'
[0.558s] Level 1:colcon.colcon_core.package_identification:_identify(src/teleop_core) by extensions ['ros']
[0.558s] Level 1:colcon.colcon_core.package_identification:_identify(src/teleop_core) by extension 'ros'
[0.559s] DEBUG:colcon.colcon_core.package_identification:Package 'src/teleop_core' with type 'ros.ament_python' and name 'teleop_core'
[0.559s] Level 1:colcon.colcon_core.package_discovery:discover_packages(recursive) using defaults
[0.559s] Level 1:colcon.colcon_core.package_discovery:discover_packages(ignore) discover
[0.559s] Level 1:colcon.colcon_core.package_discovery:discover_packages(ignore) using defaults
[0.560s] Level 1:colcon.colcon_core.package_discovery:discover_packages(path) discover
[0.560s] Level 1:colcon.colcon_core.package_discovery:discover_packages(path) using defaults
[0.628s] Level 1:colcon.colcon_core.package_discovery:discover_packages(prefix_path) check parameters
[0.628s] Level 1:colcon.colcon_core.package_discovery:discover_packages(prefix_path) discover
[0.630s] WARNING:colcon.colcon_ros.prefix_path.ament:The path '/home/frank/frank_ws/install' in the environment variable AMENT_PREFIX_PATH doesn't contain any 'local_setup.*' files.
[0.631s] DEBUG:colcon.colcon_installed_package_information.package_discovery:Found 0 installed packages in /home/frank/frank_ws/install
[0.633s] DEBUG:colcon.colcon_installed_package_information.package_discovery:Found 326 installed packages in /opt/ros/humble
[0.636s] Level 1:colcon.colcon_core.package_discovery:discover_packages(prefix_path) using defaults
[0.714s] Level 5:colcon.colcon_core.verb:set package 'locomotion_core' build argument 'cmake_args' from command line to 'None'
[0.714s] Level 5:colcon.colcon_core.verb:set package 'locomotion_core' build argument 'cmake_target' from command line to 'None'
[0.714s] Level 5:colcon.colcon_core.verb:set package 'locomotion_core' build argument 'cmake_target_skip_unavailable' from command line to 'False'
[0.714s] Level 5:colcon.colcon_core.verb:set package 'locomotion_core' build argument 'cmake_clean_cache' from command line to 'False'
[0.714s] Level 5:colcon.colcon_core.verb:set package 'locomotion_core' build argument 'cmake_clean_first' from command line to 'False'
[0.714s] Level 5:colcon.colcon_core.verb:set package 'locomotion_core' build argument 'cmake_force_configure' from command line to 'False'
[0.714s] Level 5:colcon.colcon_core.verb:set package 'locomotion_core' build argument 'ament_cmake_args' from command line to 'None'
[0.714s] Level 5:colcon.colcon_core.verb:set package 'locomotion_core' build argument 'catkin_cmake_args' from command line to 'None'
[0.714s] Level 5:colcon.colcon_core.verb:set package 'locomotion_core' build argument 'catkin_skip_building_tests' from command line to 'False'
[0.714s] DEBUG:colcon.colcon_core.verb:Building package 'locomotion_core' with the following arguments: {'ament_cmake_args': None, 'build_base': '/home/frank/frank_ws/build/locomotion_core', 'catkin_cmake_args': None, 'catkin_skip_building_tests': False, 'cmake_args': None, 'cmake_clean_cache': False, 'cmake_clean_first': False, 'cmake_force_configure': False, 'cmake_target': None, 'cmake_target_skip_unavailable': False, 'install_base': '/home/frank/frank_ws/install', 'merge_install': True, 'path': '/home/frank/frank_ws/src/locomotion_core', 'symlink_install': False, 'test_result_base': None}
[0.715s] Level 5:colcon.colcon_core.verb:set package 'ombot_base_kinematics' build argument 'cmake_args' from command line to 'None'
[0.715s] Level 5:colcon.colcon_core.verb:set package 'ombot_base_kinematics' build argument 'cmake_target' from command line to 'None'
[0.715s] Level 5:colcon.colcon_core.verb:set package 'ombot_base_kinematics' build argument 'cmake_target_skip_unavailable' from command line to 'False'
[0.715s] Level 5:colcon.colcon_core.verb:set package 'ombot_base_kinematics' build argument 'cmake_clean_cache' from command line to 'False'
[0.715s] Level 5:colcon.colcon_core.verb:set package 'ombot_base_kinematics' build argument 'cmake_clean_first' from command line to 'False'
[0.715s] Level 5:colcon.colcon_core.verb:set package 'ombot_base_kinematics' build argument 'cmake_force_configure' from command line to 'False'
[0.715s] Level 5:colcon.colcon_core.verb:set package 'ombot_base_kinematics' build argument 'ament_cmake_args' from command line to 'None'
[0.715s] Level 5:colcon.colcon_core.verb:set package 'ombot_base_kinematics' build argument 'catkin_cmake_args' from command line to 'None'
[0.715s] Level 5:colcon.colcon_core.verb:set package 'ombot_base_kinematics' build argument 'catkin_skip_building_tests' from command line to 'False'
[0.715s] DEBUG:colcon.colcon_core.verb:Building package 'ombot_base_kinematics' with the following arguments: {'ament_cmake_args': None, 'build_base': '/home/frank/frank_ws/build/ombot_base_kinematics', 'catkin_cmake_args': None, 'catkin_skip_building_tests': False, 'cmake_args': None, 'cmake_clean_cache': False, 'cmake_clean_first': False, 'cmake_force_configure': False, 'cmake_target': None, 'cmake_target_skip_unavailable': False, 'install_base': '/home/frank/frank_ws/install', 'merge_install': True, 'path': '/home/frank/frank_ws/src/ombot_base_kinematics', 'symlink_install': False, 'test_result_base': None}
[0.716s] Level 5:colcon.colcon_core.verb:set package 'ombot_controller' build argument 'cmake_args' from command line to 'None'
[0.716s] Level 5:colcon.colcon_core.verb:set package 'ombot_controller' build argument 'cmake_target' from command line to 'None'
[0.716s] Level 5:colcon.colcon_core.verb:set package 'ombot_controller' build argument 'cmake_target_skip_unavailable' from command line to 'False'
[0.716s] Level 5:colcon.colcon_core.verb:set package 'ombot_controller' build argument 'cmake_clean_cache' from command line to 'False'
[0.716s] Level 5:colcon.colcon_core.verb:set package 'ombot_controller' build argument 'cmake_clean_first' from command line to 'False'
[0.716s] Level 5:colcon.colcon_core.verb:set package 'ombot_controller' build argument 'cmake_force_configure' from command line to 'False'
[0.716s] Level 5:colcon.colcon_core.verb:set package 'ombot_controller' build argument 'ament_cmake_args' from command line to 'None'
[0.716s] Level 5:colcon.colcon_core.verb:set package 'ombot_controller' build argument 'catkin_cmake_args' from command line to 'None'
[0.716s] Level 5:colcon.colcon_core.verb:set package 'ombot_controller' build argument 'catkin_skip_building_tests' from command line to 'False'
[0.716s] DEBUG:colcon.colcon_core.verb:Building package 'ombot_controller' with the following arguments: {'ament_cmake_args': None, 'build_base': '/home/frank/frank_ws/build/ombot_controller', 'catkin_cmake_args': None, 'catkin_skip_building_tests': False, 'cmake_args': None, 'cmake_clean_cache': False, 'cmake_clean_first': False, 'cmake_force_configure': False, 'cmake_target': None, 'cmake_target_skip_unavailable': False, 'install_base': '/home/frank/frank_ws/install', 'merge_install': True, 'path': '/home/frank/frank_ws/src/ombot_controller', 'symlink_install': False, 'test_result_base': None}
[0.717s] Level 5:colcon.colcon_core.verb:set package 'ombot_description' build argument 'cmake_args' from command line to 'None'
[0.717s] Level 5:colcon.colcon_core.verb:set package 'ombot_description' build argument 'cmake_target' from command line to 'None'
[0.717s] Level 5:colcon.colcon_core.verb:set package 'ombot_description' build argument 'cmake_target_skip_unavailable' from command line to 'False'
[0.717s] Level 5:colcon.colcon_core.verb:set package 'ombot_description' build argument 'cmake_clean_cache' from command line to 'False'
[0.717s] Level 5:colcon.colcon_core.verb:set package 'ombot_description' build argument 'cmake_clean_first' from command line to 'False'
[0.717s] Level 5:colcon.colcon_core.verb:set package 'ombot_description' build argument 'cmake_force_configure' from command line to 'False'
[0.717s] Level 5:colcon.colcon_core.verb:set package 'ombot_description' build argument 'ament_cmake_args' from command line to 'None'
[0.717s] Level 5:colcon.colcon_core.verb:set package 'ombot_description' build argument 'catkin_cmake_args' from command line to 'None'
[0.717s] Level 5:colcon.colcon_core.verb:set package 'ombot_description' build argument 'catkin_skip_building_tests' from command line to 'False'
[0.717s] DEBUG:colcon.colcon_core.verb:Building package 'ombot_description' with the following arguments: {'ament_cmake_args': None, 'build_base': '/home/frank/frank_ws/build/ombot_description', 'catkin_cmake_args': None, 'catkin_skip_building_tests': False, 'cmake_args': None, 'cmake_clean_cache': False, 'cmake_clean_first': False, 'cmake_force_configure': False, 'cmake_target': None, 'cmake_target_skip_unavailable': False, 'install_base': '/home/frank/frank_ws/install', 'merge_install': True, 'path': '/home/frank/frank_ws/src/ombot_description', 'symlink_install': False, 'test_result_base': None}
[0.718s] Level 5:colcon.colcon_core.verb:set package 'ombot_hardware' build argument 'cmake_args' from command line to 'None'
[0.718s] Level 5:colcon.colcon_core.verb:set package 'ombot_hardware' build argument 'cmake_target' from command line to 'None'
[0.718s] Level 5:colcon.colcon_core.verb:set package 'ombot_hardware' build argument 'cmake_target_skip_unavailable' from command line to 'False'
[0.718s] Level 5:colcon.colcon_core.verb:set package 'ombot_hardware' build argument 'cmake_clean_cache' from command line to 'False'
[0.718s] Level 5:colcon.colcon_core.verb:set package 'ombot_hardware' build argument 'cmake_clean_first' from command line to 'False'
[0.718s] Level 5:colcon.colcon_core.verb:set package 'ombot_hardware' build argument 'cmake_force_configure' from command line to 'False'
[0.718s] Level 5:colcon.colcon_core.verb:set package 'ombot_hardware' build argument 'ament_cmake_args' from command line to 'None'
[0.718s] Level 5:colcon.colcon_core.verb:set package 'ombot_hardware' build argument 'catkin_cmake_args' from command line to 'None'
[0.718s] Level 5:colcon.colcon_core.verb:set package 'ombot_hardware' build argument 'catkin_skip_building_tests' from command line to 'False'
[0.718s] DEBUG:colcon.colcon_core.verb:Building package 'ombot_hardware' with the following arguments: {'ament_cmake_args': None, 'build_base': '/home/frank/frank_ws/build/ombot_hardware', 'catkin_cmake_args': None, 'catkin_skip_building_tests': False, 'cmake_args': None, 'cmake_clean_cache': False, 'cmake_clean_first': False, 'cmake_force_configure': False, 'cmake_target': None, 'cmake_target_skip_unavailable': False, 'install_base': '/home/frank/frank_ws/install', 'merge_install': True, 'path': '/home/frank/frank_ws/src/ombot_hardware', 'symlink_install': False, 'test_result_base': None}
[0.719s] Level 5:colcon.colcon_core.verb:set package 'rover_launch' build argument 'cmake_args' from command line to 'None'
[0.719s] Level 5:colcon.colcon_core.verb:set package 'rover_launch' build argument 'cmake_target' from command line to 'None'
[0.719s] Level 5:colcon.colcon_core.verb:set package 'rover_launch' build argument 'cmake_target_skip_unavailable' from command line to 'False'
[0.719s] Level 5:colcon.colcon_core.verb:set package 'rover_launch' build argument 'cmake_clean_cache' from command line to 'False'
[0.719s] Level 5:colcon.colcon_core.verb:set package 'rover_launch' build argument 'cmake_clean_first' from command line to 'False'
[0.719s] Level 5:colcon.colcon_core.verb:set package 'rover_launch' build argument 'cmake_force_configure' from command line to 'False'
[0.719s] Level 5:colcon.colcon_core.verb:set package 'rover_launch' build argument 'ament_cmake_args' from command line to 'None'
[0.719s] Level 5:colcon.colcon_core.verb:set package 'rover_launch' build argument 'catkin_cmake_args' from command line to 'None'
[0.719s] Level 5:colcon.colcon_core.verb:set package 'rover_launch' build argument 'catkin_skip_building_tests' from command line to 'False'
[0.719s] DEBUG:colcon.colcon_core.verb:Building package 'rover_launch' with the following arguments: {'ament_cmake_args': None, 'build_base': '/home/frank/frank_ws/build/rover_launch', 'catkin_cmake_args': None, 'catkin_skip_building_tests': False, 'cmake_args': None, 'cmake_clean_cache': False, 'cmake_clean_first': False, 'cmake_force_configure': False, 'cmake_target': None, 'cmake_target_skip_unavailable': False, 'install_base': '/home/frank/frank_ws/install', 'merge_install': True, 'path': '/home/frank/frank_ws/src/rover_launch', 'symlink_install': False, 'test_result_base': None}
[0.720s] Level 5:colcon.colcon_core.verb:set package 'teleop_core' build argument 'cmake_args' from command line to 'None'
[0.720s] Level 5:colcon.colcon_core.verb:set package 'teleop_core' build argument 'cmake_target' from command line to 'None'
[0.720s] Level 5:colcon.colcon_core.verb:set package 'teleop_core' build argument 'cmake_target_skip_unavailable' from command line to 'False'
[0.720s] Level 5:colcon.colcon_core.verb:set package 'teleop_core' build argument 'cmake_clean_cache' from command line to 'False'
[0.720s] Level 5:colcon.colcon_core.verb:set package 'teleop_core' build argument 'cmake_clean_first' from command line to 'False'
[0.720s] Level 5:colcon.colcon_core.verb:set package 'teleop_core' build argument 'cmake_force_configure' from command line to 'False'
[0.720s] Level 5:colcon.colcon_core.verb:set package 'teleop_core' build argument 'ament_cmake_args' from command line to 'None'
[0.720s] Level 5:colcon.colcon_core.verb:set package 'teleop_core' build argument 'catkin_cmake_args' from command line to 'None'
[0.720s] Level 5:colcon.colcon_core.verb:set package 'teleop_core' build argument 'catkin_skip_building_tests' from command line to 'False'
[0.720s] DEBUG:colcon.colcon_core.verb:Building package 'teleop_core' with the following arguments: {'ament_cmake_args': None, 'build_base': '/home/frank/frank_ws/build/teleop_core', 'catkin_cmake_args': None, 'catkin_skip_building_tests': False, 'cmake_args': None, 'cmake_clean_cache': False, 'cmake_clean_first': False, 'cmake_force_configure': False, 'cmake_target': None, 'cmake_target_skip_unavailable': False, 'install_base': '/home/frank/frank_ws/install', 'merge_install': True, 'path': '/home/frank/frank_ws/src/teleop_core', 'symlink_install': False, 'test_result_base': None}
[0.721s] Level 5:colcon.colcon_core.verb:set package 'ombot_bringup' build argument 'cmake_args' from command line to 'None'
[0.721s] Level 5:colcon.colcon_core.verb:set package 'ombot_bringup' build argument 'cmake_target' from command line to 'None'
[0.721s] Level 5:colcon.colcon_core.verb:set package 'ombot_bringup' build argument 'cmake_target_skip_unavailable' from command line to 'False'
[0.721s] Level 5:colcon.colcon_core.verb:set package 'ombot_bringup' build argument 'cmake_clean_cache' from command line to 'False'
[0.721s] Level 5:colcon.colcon_core.verb:set package 'ombot_bringup' build argument 'cmake_clean_first' from command line to 'False'
[0.721s] Level 5:colcon.colcon_core.verb:set package 'ombot_bringup' build argument 'cmake_force_configure' from command line to 'False'
[0.721s] Level 5:colcon.colcon_core.verb:set package 'ombot_bringup' build argument 'ament_cmake_args' from command line to 'None'
[0.721s] Level 5:colcon.colcon_core.verb:set package 'ombot_bringup' build argument 'catkin_cmake_args' from command line to 'None'
[0.721s] Level 5:colcon.colcon_core.verb:set package 'ombot_bringup' build argument 'catkin_skip_building_tests' from command line to 'False'
[0.721s] DEBUG:colcon.colcon_core.verb:Building package 'ombot_bringup' with the following arguments: {'ament_cmake_args': None, 'build_base': '/home/frank/frank_ws/build/ombot_bringup', 'catkin_cmake_args': None, 'catkin_skip_building_tests': False, 'cmake_args': None, 'cmake_clean_cache': False, 'cmake_clean_first': False, 'cmake_force_configure': False, 'cmake_target': None, 'cmake_target_skip_unavailable': False, 'install_base': '/home/frank/frank_ws/install', 'merge_install': True, 'path': '/home/frank/frank_ws/src/ombot_bringup', 'symlink_install': False, 'test_result_base': None}
[0.721s] INFO:colcon.colcon_core.executor:Executing jobs using 'parallel' executor
[0.724s] DEBUG:colcon.colcon_parallel_executor.executor.parallel:run_until_complete
[0.724s] INFO:colcon.colcon_ros.task.catkin.build:Building ROS package in '/home/frank/frank_ws/src/ombot_base_kinematics' with build type 'catkin'
[0.725s] INFO:colcon.colcon_cmake.task.cmake.build:Building CMake package in '/home/frank/frank_ws/src/ombot_base_kinematics'
[0.729s] INFO:colcon.colcon_core.plugin_system:Skipping extension 'colcon_core.shell.bat': Not used on non-Windows systems
[0.729s] INFO:colcon.colcon_core.shell:Skip shell extension 'powershell' for command environment: Not usable outside of PowerShell
[0.729s] DEBUG:colcon.colcon_core.shell:Skip shell extension 'dsv' for command environment
[0.735s] INFO:colcon.colcon_ros.task.ament_cmake.build:Building ROS package in '/home/frank/frank_ws/src/ombot_controller' with build type 'ament_cmake'
[0.735s] INFO:colcon.colcon_cmake.task.cmake.build:Building CMake package in '/home/frank/frank_ws/src/ombot_controller'
[0.736s] INFO:colcon.colcon_core.shell:Skip shell extension 'powershell' for command environment: Not usable outside of PowerShell
[0.736s] DEBUG:colcon.colcon_core.shell:Skip shell extension 'dsv' for command environment
[0.741s] INFO:colcon.colcon_ros.task.ament_cmake.build:Building ROS package in '/home/frank/frank_ws/src/ombot_description' with build type 'ament_cmake'
[0.741s] INFO:colcon.colcon_cmake.task.cmake.build:Building CMake package in '/home/frank/frank_ws/src/ombot_description'
[0.742s] INFO:colcon.colcon_core.shell:Skip shell extension 'powershell' for command environment: Not usable outside of PowerShell
[0.742s] DEBUG:colcon.colcon_core.shell:Skip shell extension 'dsv' for command environment
[0.747s] INFO:colcon.colcon_ros.task.ament_cmake.build:Building ROS package in '/home/frank/frank_ws/src/ombot_hardware' with build type 'ament_cmake'
[0.748s] INFO:colcon.colcon_cmake.task.cmake.build:Building CMake package in '/home/frank/frank_ws/src/ombot_hardware'
[0.749s] INFO:colcon.colcon_core.shell:Skip shell extension 'powershell' for command environment: Not usable outside of PowerShell
[0.749s] DEBUG:colcon.colcon_core.shell:Skip shell extension 'dsv' for command environment
[0.757s] INFO:colcon.colcon_ros.task.ament_python.build:Building ROS package in '/home/frank/frank_ws/src/locomotion_core' with build type 'ament_python'
[0.758s] Level 1:colcon.colcon_core.shell:create_environment_hook('locomotion_core', 'ament_prefix_path')
[0.759s] INFO:colcon.colcon_core.shell:Creating environment hook '/home/frank/frank_ws/install/share/locomotion_core/hook/ament_prefix_path.ps1'
[0.761s] INFO:colcon.colcon_core.shell:Creating environment descriptor '/home/frank/frank_ws/install/share/locomotion_core/hook/ament_prefix_path.dsv'
[0.762s] INFO:colcon.colcon_core.shell:Creating environment hook '/home/frank/frank_ws/install/share/locomotion_core/hook/ament_prefix_path.sh'
[0.764s] INFO:colcon.colcon_core.shell:Skip shell extension 'powershell' for command environment: Not usable outside of PowerShell
[0.764s] DEBUG:colcon.colcon_core.shell:Skip shell extension 'dsv' for command environment
[0.770s] INFO:colcon.colcon_ros.task.ament_cmake.build:Building ROS package in '/home/frank/frank_ws/src/rover_launch' with build type 'ament_cmake'
[0.770s] INFO:colcon.colcon_cmake.task.cmake.build:Building CMake package in '/home/frank/frank_ws/src/rover_launch'
[0.770s] INFO:colcon.colcon_core.shell:Skip shell extension 'powershell' for command environment: Not usable outside of PowerShell
[0.771s] DEBUG:colcon.colcon_core.shell:Skip shell extension 'dsv' for command environment
[0.783s] DEBUG:colcon.colcon_core.event_handler.log_command:Invoking command in '/home/frank/frank_ws/build/ombot_base_kinematics': /usr/bin/cmake /home/frank/frank_ws/src/ombot_base_kinematics -DCATKIN_INSTALL_INTO_PREFIX_ROOT=0 -DCMAKE_INSTALL_PREFIX=/home/frank/frank_ws/install
[0.790s] DEBUG:colcon.colcon_core.event_handler.log_command:Invoking command in '/home/frank/frank_ws/build/ombot_controller': CMAKE_PREFIX_PATH=${CMAKE_PREFIX_PATH}:/opt/ros/humble /usr/bin/cmake /home/frank/frank_ws/src/ombot_controller -DCMAKE_INSTALL_PREFIX=/home/frank/frank_ws/install
[0.794s] DEBUG:colcon.colcon_core.event_handler.log_command:Invoking command in '/home/frank/frank_ws/build/ombot_description': CMAKE_PREFIX_PATH=${CMAKE_PREFIX_PATH}:/opt/ros/humble /usr/bin/cmake /home/frank/frank_ws/src/ombot_description -DCMAKE_INSTALL_PREFIX=/home/frank/frank_ws/install
[0.800s] DEBUG:colcon.colcon_core.event_handler.log_command:Invoking command in '/home/frank/frank_ws/build/ombot_hardware': CMAKE_PREFIX_PATH=${CMAKE_PREFIX_PATH}:/opt/ros/humble /usr/bin/cmake /home/frank/frank_ws/src/ombot_hardware -DCMAKE_INSTALL_PREFIX=/home/frank/frank_ws/install
[1.496s] INFO:colcon.colcon_core.task.python.build:Building Python package in '/home/frank/frank_ws/src/locomotion_core'
[1.497s] INFO:colcon.colcon_core.shell:Skip shell extension 'powershell' for command environment: Not usable outside of PowerShell
[1.497s] DEBUG:colcon.colcon_core.shell:Skip shell extension 'dsv' for command environment
[1.512s] DEBUG:colcon.colcon_core.event_handler.log_command:Invoking command in '/home/frank/frank_ws/build/rover_launch': CMAKE_PREFIX_PATH=${CMAKE_PREFIX_PATH}:/opt/ros/humble /usr/bin/cmake /home/frank/frank_ws/src/rover_launch -DCMAKE_INSTALL_PREFIX=/home/frank/frank_ws/install
[2.542s] DEBUG:colcon.colcon_core.event_handler.log_command:Invoking command in '/home/frank/frank_ws/src/locomotion_core': PYTHONPATH=/home/frank/frank_ws/build/locomotion_core/prefix_override:/usr/lib/python3/dist-packages/colcon_core/task/python/colcon_distutils_commands:/home/frank/frank_ws/install/lib/python3.10/site-packages:${PYTHONPATH} /usr/bin/python3 -W ignore:setup.py install is deprecated -W ignore:easy_install command is deprecated setup.py egg_info --egg-base ../../build/locomotion_core build --build-base /home/frank/frank_ws/build/locomotion_core/build install --record /home/frank/frank_ws/build/locomotion_core/install.log --single-version-externally-managed install_data
[2.746s] DEBUG:colcon.colcon_core.event_handler.log_command:Invoked command in '/home/frank/frank_ws/build/ombot_description' returned '0': CMAKE_PREFIX_PATH=${CMAKE_PREFIX_PATH}:/opt/ros/humble /usr/bin/cmake /home/frank/frank_ws/src/ombot_description -DCMAKE_INSTALL_PREFIX=/home/frank/frank_ws/install
[2.748s] DEBUG:colcon.colcon_core.event_handler.log_command:Invoking command in '/home/frank/frank_ws/build/ombot_description': CMAKE_PREFIX_PATH=${CMAKE_PREFIX_PATH}:/opt/ros/humble /usr/bin/cmake --build /home/frank/frank_ws/build/ombot_description -- -j6 -l6
[3.194s] DEBUG:colcon.colcon_core.event_handler.log_command:Invoked command in '/home/frank/frank_ws/src/locomotion_core' returned '0': PYTHONPATH=/home/frank/frank_ws/build/locomotion_core/prefix_override:/usr/lib/python3/dist-packages/colcon_core/task/python/colcon_distutils_commands:/home/frank/frank_ws/install/lib/python3.10/site-packages:${PYTHONPATH} /usr/bin/python3 -W ignore:setup.py install is deprecated -W ignore:easy_install command is deprecated setup.py egg_info --egg-base ../../build/locomotion_core build --build-base /home/frank/frank_ws/build/locomotion_core/build install --record /home/frank/frank_ws/build/locomotion_core/install.log --single-version-externally-managed install_data
[3.198s] Level 1:colcon.colcon_core.environment:checking '/home/frank/frank_ws/install' for CMake module files
[3.199s] Level 1:colcon.colcon_core.environment:checking '/home/frank/frank_ws/install' for CMake config files
[3.201s] Level 1:colcon.colcon_core.environment:checking '/home/frank/frank_ws/install/lib'
[3.202s] Level 1:colcon.colcon_core.environment:checking '/home/frank/frank_ws/install/bin'
[3.203s] Level 1:colcon.colcon_core.environment:checking '/home/frank/frank_ws/install/lib/pkgconfig/locomotion_core.pc'
[3.203s] Level 1:colcon.colcon_core.environment:checking '/home/frank/frank_ws/install/lib/python3.10/site-packages'
[3.204s] Level 1:colcon.colcon_core.shell:create_environment_hook('locomotion_core', 'pythonpath')
[3.204s] INFO:colcon.colcon_core.shell:Creating environment hook '/home/frank/frank_ws/install/share/locomotion_core/hook/pythonpath.ps1'
[3.206s] INFO:colcon.colcon_core.shell:Creating environment descriptor '/home/frank/frank_ws/install/share/locomotion_core/hook/pythonpath.dsv'
[3.208s] INFO:colcon.colcon_core.shell:Creating environment hook '/home/frank/frank_ws/install/share/locomotion_core/hook/pythonpath.sh'
[3.211s] Level 1:colcon.colcon_core.environment:checking '/home/frank/frank_ws/install/bin'
[3.212s] Level 1:colcon.colcon_core.environment:create_environment_scripts_only(locomotion_core)
[3.213s] INFO:colcon.colcon_core.shell:Creating package script '/home/frank/frank_ws/install/share/locomotion_core/package.ps1'
[3.216s] INFO:colcon.colcon_core.shell:Creating package descriptor '/home/frank/frank_ws/install/share/locomotion_core/package.dsv'
[3.218s] INFO:colcon.colcon_core.shell:Creating package script '/home/frank/frank_ws/install/share/locomotion_core/package.sh'
[3.220s] INFO:colcon.colcon_core.shell:Creating package script '/home/frank/frank_ws/install/share/locomotion_core/package.bash'
[3.222s] INFO:colcon.colcon_core.shell:Creating package script '/home/frank/frank_ws/install/share/locomotion_core/package.zsh'
[3.224s] Level 1:colcon.colcon_core.environment:create_file_with_runtime_dependencies(/home/frank/frank_ws/install/share/colcon-core/packages/locomotion_core)
[3.227s] INFO:colcon.colcon_ros.task.ament_python.build:Building ROS package in '/home/frank/frank_ws/src/teleop_core' with build type 'ament_python'
[3.227s] Level 1:colcon.colcon_core.shell:create_environment_hook('teleop_core', 'ament_prefix_path')
[3.228s] INFO:colcon.colcon_core.shell:Creating environment hook '/home/frank/frank_ws/install/share/teleop_core/hook/ament_prefix_path.ps1'
[3.230s] INFO:colcon.colcon_core.shell:Creating environment descriptor '/home/frank/frank_ws/install/share/teleop_core/hook/ament_prefix_path.dsv'
[3.232s] INFO:colcon.colcon_core.shell:Creating environment hook '/home/frank/frank_ws/install/share/teleop_core/hook/ament_prefix_path.sh'
[3.233s] INFO:colcon.colcon_core.shell:Skip shell extension 'powershell' for command environment: Not usable outside of PowerShell
[3.233s] DEBUG:colcon.colcon_core.shell:Skip shell extension 'dsv' for command environment
[3.242s] DEBUG:colcon.colcon_core.event_handler.log_command:Invoked command in '/home/frank/frank_ws/build/ombot_description' returned '0': CMAKE_PREFIX_PATH=${CMAKE_PREFIX_PATH}:/opt/ros/humble /usr/bin/cmake --build /home/frank/frank_ws/build/ombot_description -- -j6 -l6
[3.267s] DEBUG:colcon.colcon_core.event_handler.log_command:Invoking command in '/home/frank/frank_ws/build/ombot_description': CMAKE_PREFIX_PATH=${CMAKE_PREFIX_PATH}:/opt/ros/humble /usr/bin/cmake --install /home/frank/frank_ws/build/ombot_description
[3.272s] DEBUG:colcon.colcon_core.event_handler.log_command:Invoked command in '/home/frank/frank_ws/build/rover_launch' returned '0': CMAKE_PREFIX_PATH=${CMAKE_PREFIX_PATH}:/opt/ros/humble /usr/bin/cmake /home/frank/frank_ws/src/rover_launch -DCMAKE_INSTALL_PREFIX=/home/frank/frank_ws/install
[3.274s] DEBUG:colcon.colcon_core.event_handler.log_command:Invoking command in '/home/frank/frank_ws/build/rover_launch': CMAKE_PREFIX_PATH=${CMAKE_PREFIX_PATH}:/opt/ros/humble /usr/bin/cmake --build /home/frank/frank_ws/build/rover_launch -- -j6 -l6
[3.798s] INFO:colcon.colcon_core.task.python.build:Building Python package in '/home/frank/frank_ws/src/teleop_core'
[3.799s] INFO:colcon.colcon_core.shell:Skip shell extension 'powershell' for command environment: Not usable outside of PowerShell
[3.800s] DEBUG:colcon.colcon_core.shell:Skip shell extension 'dsv' for command environment
[3.819s] Level 1:colcon.colcon_core.environment:create_environment_scripts_only(ombot_description)
[3.820s] Level 1:colcon.colcon_core.environment:checking '/home/frank/frank_ws/install' for CMake module files
[3.821s] DEBUG:colcon.colcon_core.event_handler.log_command:Invoked command in '/home/frank/frank_ws/build/ombot_description' returned '0': CMAKE_PREFIX_PATH=${CMAKE_PREFIX_PATH}:/opt/ros/humble /usr/bin/cmake --install /home/frank/frank_ws/build/ombot_description
[3.823s] Level 1:colcon.colcon_core.environment:checking '/home/frank/frank_ws/install' for CMake config files
[3.825s] Level 1:colcon.colcon_core.shell:create_environment_hook('ombot_description', 'cmake_prefix_path')
[3.826s] INFO:colcon.colcon_core.shell:Creating environment hook '/home/frank/frank_ws/install/share/ombot_description/hook/cmake_prefix_path.ps1'
[3.828s] INFO:colcon.colcon_core.shell:Creating environment descriptor '/home/frank/frank_ws/install/share/ombot_description/hook/cmake_prefix_path.dsv'
[3.829s] INFO:colcon.colcon_core.shell:Creating environment hook '/home/frank/frank_ws/install/share/ombot_description/hook/cmake_prefix_path.sh'
[3.831s] Level 1:colcon.colcon_core.environment:checking '/home/frank/frank_ws/install/lib'
[3.832s] Level 1:colcon.colcon_core.environment:checking '/home/frank/frank_ws/install/bin'
[3.832s] Level 1:colcon.colcon_core.environment:checking '/home/frank/frank_ws/install/lib/pkgconfig/ombot_description.pc'
[3.833s] Level 1:colcon.colcon_core.environment:checking '/home/frank/frank_ws/install/lib/python3.10/site-packages'
[3.833s] Level 1:colcon.colcon_core.shell:create_environment_hook('ombot_description', 'pythonpath')
[3.834s] INFO:colcon.colcon_core.shell:Creating environment hook '/home/frank/frank_ws/install/share/ombot_description/hook/pythonpath.ps1'
[3.836s] INFO:colcon.colcon_core.shell:Creating environment descriptor '/home/frank/frank_ws/install/share/ombot_description/hook/pythonpath.dsv'
[3.838s] INFO:colcon.colcon_core.shell:Creating environment hook '/home/frank/frank_ws/install/share/ombot_description/hook/pythonpath.sh'
[3.842s] Level 1:colcon.colcon_core.environment:checking '/home/frank/frank_ws/install/bin'
[3.843s] INFO:colcon.colcon_core.shell:Creating package script '/home/frank/frank_ws/install/share/ombot_description/package.ps1'
[3.847s] INFO:colcon.colcon_core.shell:Creating package descriptor '/home/frank/frank_ws/install/share/ombot_description/package.dsv'
[3.849s] INFO:colcon.colcon_core.shell:Creating package script '/home/frank/frank_ws/install/share/ombot_description/package.sh'
[3.851s] INFO:colcon.colcon_core.shell:Creating package script '/home/frank/frank_ws/install/share/ombot_description/package.bash'
[3.852s] INFO:colcon.colcon_core.shell:Creating package script '/home/frank/frank_ws/install/share/ombot_description/package.zsh'
[3.853s] Level 1:colcon.colcon_core.environment:create_file_with_runtime_dependencies(/home/frank/frank_ws/install/share/colcon-core/packages/ombot_description)
[3.855s] Level 1:colcon.colcon_core.environment:create_environment_scripts_only(ombot_description)
[3.856s] Level 1:colcon.colcon_core.environment:checking '/home/frank/frank_ws/install' for CMake module files
[3.858s] Level 1:colcon.colcon_core.environment:checking '/home/frank/frank_ws/install' for CMake config files
[3.860s] Level 1:colcon.colcon_core.shell:create_environment_hook('ombot_description', 'cmake_prefix_path')
[3.861s] INFO:colcon.colcon_core.shell:Creating environment hook '/home/frank/frank_ws/install/share/ombot_description/hook/cmake_prefix_path.ps1'
[3.863s] INFO:colcon.colcon_core.shell:Creating environment descriptor '/home/frank/frank_ws/install/share/ombot_description/hook/cmake_prefix_path.dsv'
[3.864s] INFO:colcon.colcon_core.shell:Creating environment hook '/home/frank/frank_ws/install/share/ombot_description/hook/cmake_prefix_path.sh'
[3.866s] Level 1:colcon.colcon_core.environment:checking '/home/frank/frank_ws/install/lib'
[3.867s] Level 1:colcon.colcon_core.environment:checking '/home/frank/frank_ws/install/bin'
[3.867s] Level 1:colcon.colcon_core.environment:checking '/home/frank/frank_ws/install/lib/pkgconfig/ombot_description.pc'
[3.868s] Level 1:colcon.colcon_core.environment:checking '/home/frank/frank_ws/install/lib/python3.10/site-packages'
[3.868s] Level 1:colcon.colcon_core.shell:create_environment_hook('ombot_description', 'pythonpath')
[3.869s] INFO:colcon.colcon_core.shell:Creating environment hook '/home/frank/frank_ws/install/share/ombot_description/hook/pythonpath.ps1'
[3.870s] INFO:colcon.colcon_core.shell:Creating environment descriptor '/home/frank/frank_ws/install/share/ombot_description/hook/pythonpath.dsv'
[3.872s] INFO:colcon.colcon_core.shell:Creating environment hook '/home/frank/frank_ws/install/share/ombot_description/hook/pythonpath.sh'
[3.874s] Level 1:colcon.colcon_core.environment:checking '/home/frank/frank_ws/install/bin'
[3.875s] INFO:colcon.colcon_core.shell:Creating package script '/home/frank/frank_ws/install/share/ombot_description/package.ps1'
[3.877s] INFO:colcon.colcon_core.shell:Creating package descriptor '/home/frank/frank_ws/install/share/ombot_description/package.dsv'
[3.879s] INFO:colcon.colcon_core.shell:Creating package script '/home/frank/frank_ws/install/share/ombot_description/package.sh'
[3.882s] INFO:colcon.colcon_core.shell:Creating package script '/home/frank/frank_ws/install/share/ombot_description/package.bash'
[3.884s] INFO:colcon.colcon_core.shell:Creating package script '/home/frank/frank_ws/install/share/ombot_description/package.zsh'
[3.886s] Level 1:colcon.colcon_core.environment:create_file_with_runtime_dependencies(/home/frank/frank_ws/install/share/colcon-core/packages/ombot_description)
[3.895s] DEBUG:colcon.colcon_core.event_handler.log_command:Invoked command in '/home/frank/frank_ws/build/ombot_hardware' returned '0': CMAKE_PREFIX_PATH=${CMAKE_PREFIX_PATH}:/opt/ros/humble /usr/bin/cmake /home/frank/frank_ws/src/ombot_hardware -DCMAKE_INSTALL_PREFIX=/home/frank/frank_ws/install
[3.899s] DEBUG:colcon.colcon_core.event_handler.log_command:Invoking command in '/home/frank/frank_ws/build/ombot_hardware': CMAKE_PREFIX_PATH=${CMAKE_PREFIX_PATH}:/opt/ros/humble /usr/bin/cmake --build /home/frank/frank_ws/build/ombot_hardware -- -j6 -l6
[3.900s] DEBUG:colcon.colcon_core.event_handler.log_command:Invoked command in '/home/frank/frank_ws/build/rover_launch' returned '0': CMAKE_PREFIX_PATH=${CMAKE_PREFIX_PATH}:/opt/ros/humble /usr/bin/cmake --build /home/frank/frank_ws/build/rover_launch -- -j6 -l6
[3.902s] DEBUG:colcon.colcon_core.event_handler.log_command:Invoking command in '/home/frank/frank_ws/build/rover_launch': CMAKE_PREFIX_PATH=${CMAKE_PREFIX_PATH}:/opt/ros/humble /usr/bin/cmake --install /home/frank/frank_ws/build/rover_launch
[3.903s] DEBUG:colcon.colcon_core.event_handler.log_command:Invoked command in '/home/frank/frank_ws/build/ombot_controller' returned '0': CMAKE_PREFIX_PATH=${CMAKE_PREFIX_PATH}:/opt/ros/humble /usr/bin/cmake /home/frank/frank_ws/src/ombot_controller -DCMAKE_INSTALL_PREFIX=/home/frank/frank_ws/install
[3.905s] DEBUG:colcon.colcon_core.event_handler.log_command:Invoking command in '/home/frank/frank_ws/build/ombot_controller': CMAKE_PREFIX_PATH=${CMAKE_PREFIX_PATH}:/opt/ros/humble /usr/bin/cmake --build /home/frank/frank_ws/build/ombot_controller -- -j6 -l6
[3.924s] DEBUG:colcon.colcon_core.event_handler.log_command:Invoked command in '/home/frank/frank_ws/build/ombot_base_kinematics' returned '0': /usr/bin/cmake /home/frank/frank_ws/src/ombot_base_kinematics -DCATKIN_INSTALL_INTO_PREFIX_ROOT=0 -DCMAKE_INSTALL_PREFIX=/home/frank/frank_ws/install
[3.926s] DEBUG:colcon.colcon_core.event_handler.log_command:Invoking command in '/home/frank/frank_ws/build/ombot_base_kinematics': /usr/bin/cmake --build /home/frank/frank_ws/build/ombot_base_kinematics -- -j6 -l6
[3.928s] Level 1:colcon.colcon_core.environment:create_environment_scripts_only(rover_launch)
[3.929s] Level 1:colcon.colcon_core.environment:checking '/home/frank/frank_ws/install' for CMake module files
[3.930s] DEBUG:colcon.colcon_core.event_handler.log_command:Invoked command in '/home/frank/frank_ws/build/rover_launch' returned '0': CMAKE_PREFIX_PATH=${CMAKE_PREFIX_PATH}:/opt/ros/humble /usr/bin/cmake --install /home/frank/frank_ws/build/rover_launch
[3.930s] Level 1:colcon.colcon_core.environment:checking '/home/frank/frank_ws/install' for CMake config files
[3.932s] Level 1:colcon.colcon_core.shell:create_environment_hook('rover_launch', 'cmake_prefix_path')
[3.932s] INFO:colcon.colcon_core.shell:Creating environment hook '/home/frank/frank_ws/install/share/rover_launch/hook/cmake_prefix_path.ps1'
[3.934s] INFO:colcon.colcon_core.shell:Creating environment descriptor '/home/frank/frank_ws/install/share/rover_launch/hook/cmake_prefix_path.dsv'
[3.935s] INFO:colcon.colcon_core.shell:Creating environment hook '/home/frank/frank_ws/install/share/rover_launch/hook/cmake_prefix_path.sh'
[3.936s] Level 1:colcon.colcon_core.environment:checking '/home/frank/frank_ws/install/lib'
[3.936s] Level 1:colcon.colcon_core.environment:checking '/home/frank/frank_ws/install/bin'
[3.936s] Level 1:colcon.colcon_core.environment:checking '/home/frank/frank_ws/install/lib/pkgconfig/rover_launch.pc'
[3.937s] Level 1:colcon.colcon_core.environment:checking '/home/frank/frank_ws/install/lib/python3.10/site-packages'
[3.937s] Level 1:colcon.colcon_core.shell:create_environment_hook('rover_launch', 'pythonpath')
[3.938s] INFO:colcon.colcon_core.shell:Creating environment hook '/home/frank/frank_ws/install/share/rover_launch/hook/pythonpath.ps1'
[3.939s] INFO:colcon.colcon_core.shell:Creating environment descriptor '/home/frank/frank_ws/install/share/rover_launch/hook/pythonpath.dsv'
[3.940s] INFO:colcon.colcon_core.shell:Creating environment hook '/home/frank/frank_ws/install/share/rover_launch/hook/pythonpath.sh'
[3.941s] Level 1:colcon.colcon_core.environment:checking '/home/frank/frank_ws/install/bin'
[3.942s] INFO:colcon.colcon_core.shell:Creating package script '/home/frank/frank_ws/install/share/rover_launch/package.ps1'
[3.943s] INFO:colcon.colcon_core.shell:Creating package descriptor '/home/frank/frank_ws/install/share/rover_launch/package.dsv'
[3.944s] INFO:colcon.colcon_core.shell:Creating package script '/home/frank/frank_ws/install/share/rover_launch/package.sh'
[3.946s] INFO:colcon.colcon_core.shell:Creating package script '/home/frank/frank_ws/install/share/rover_launch/package.bash'
[3.947s] INFO:colcon.colcon_core.shell:Creating package script '/home/frank/frank_ws/install/share/rover_launch/package.zsh'
[3.948s] Level 1:colcon.colcon_core.environment:create_file_with_runtime_dependencies(/home/frank/frank_ws/install/share/colcon-core/packages/rover_launch)
[3.949s] Level 1:colcon.colcon_core.environment:create_environment_scripts_only(rover_launch)
[3.950s] Level 1:colcon.colcon_core.environment:checking '/home/frank/frank_ws/install' for CMake module files
[3.950s] Level 1:colcon.colcon_core.environment:checking '/home/frank/frank_ws/install' for CMake config files
[3.952s] Level 1:colcon.colcon_core.shell:create_environment_hook('rover_launch', 'cmake_prefix_path')
[3.952s] INFO:colcon.colcon_core.shell:Creating environment hook '/home/frank/frank_ws/install/share/rover_launch/hook/cmake_prefix_path.ps1'
[3.953s] INFO:colcon.colcon_core.shell:Creating environment descriptor '/home/frank/frank_ws/install/share/rover_launch/hook/cmake_prefix_path.dsv'
[3.954s] INFO:colcon.colcon_core.shell:Creating environment hook '/home/frank/frank_ws/install/share/rover_launch/hook/cmake_prefix_path.sh'
[3.955s] Level 1:colcon.colcon_core.environment:checking '/home/frank/frank_ws/install/lib'
[3.955s] Level 1:colcon.colcon_core.environment:checking '/home/frank/frank_ws/install/bin'
[3.955s] Level 1:colcon.colcon_core.environment:checking '/home/frank/frank_ws/install/lib/pkgconfig/rover_launch.pc'
[3.956s] Level 1:colcon.colcon_core.environment:checking '/home/frank/frank_ws/install/lib/python3.10/site-packages'
[3.956s] Level 1:colcon.colcon_core.shell:create_environment_hook('rover_launch', 'pythonpath')
[3.956s] INFO:colcon.colcon_core.shell:Creating environment hook '/home/frank/frank_ws/install/share/rover_launch/hook/pythonpath.ps1'
[3.957s] INFO:colcon.colcon_core.shell:Creating environment descriptor '/home/frank/frank_ws/install/share/rover_launch/hook/pythonpath.dsv'
[3.958s] INFO:colcon.colcon_core.shell:Creating environment hook '/home/frank/frank_ws/install/share/rover_launch/hook/pythonpath.sh'
[3.959s] Level 1:colcon.colcon_core.environment:checking '/home/frank/frank_ws/install/bin'
[3.960s] INFO:colcon.colcon_core.shell:Creating package script '/home/frank/frank_ws/install/share/rover_launch/package.ps1'
[3.961s] INFO:colcon.colcon_core.shell:Creating package descriptor '/home/frank/frank_ws/install/share/rover_launch/package.dsv'
[3.962s] INFO:colcon.colcon_core.shell:Creating package script '/home/frank/frank_ws/install/share/rover_launch/package.sh'
[3.963s] INFO:colcon.colcon_core.shell:Creating package script '/home/frank/frank_ws/install/share/rover_launch/package.bash'
[3.963s] INFO:colcon.colcon_core.shell:Creating package script '/home/frank/frank_ws/install/share/rover_launch/package.zsh'
[3.964s] Level 1:colcon.colcon_core.environment:create_file_with_runtime_dependencies(/home/frank/frank_ws/install/share/colcon-core/packages/rover_launch)
[4.887s] DEBUG:colcon.colcon_core.event_handler.log_command:Invoking command in '/home/frank/frank_ws/src/teleop_core': PYTHONPATH=/home/frank/frank_ws/build/teleop_core/prefix_override:/usr/lib/python3/dist-packages/colcon_core/task/python/colcon_distutils_commands:/home/frank/frank_ws/install/lib/python3.10/site-packages:${PYTHONPATH} /usr/bin/python3 -W ignore:setup.py install is deprecated -W ignore:easy_install command is deprecated setup.py egg_info --egg-base ../../build/teleop_core build --build-base /home/frank/frank_ws/build/teleop_core/build install --record /home/frank/frank_ws/build/teleop_core/install.log --single-version-externally-managed install_data
[5.947s] Level 1:colcon.colcon_core.environment:checking '/home/frank/frank_ws/install' for CMake module files
[5.949s] Level 1:colcon.colcon_core.environment:checking '/home/frank/frank_ws/install' for CMake config files
[5.950s] Level 1:colcon.colcon_core.shell:create_environment_hook('teleop_core', 'cmake_prefix_path')
[5.950s] INFO:colcon.colcon_core.shell:Creating environment hook '/home/frank/frank_ws/install/share/teleop_core/hook/cmake_prefix_path.ps1'
[5.952s] DEBUG:colcon.colcon_core.event_handler.log_command:Invoked command in '/home/frank/frank_ws/src/teleop_core' returned '0': PYTHONPATH=/home/frank/frank_ws/build/teleop_core/prefix_override:/usr/lib/python3/dist-packages/colcon_core/task/python/colcon_distutils_commands:/home/frank/frank_ws/install/lib/python3.10/site-packages:${PYTHONPATH} /usr/bin/python3 -W ignore:setup.py install is deprecated -W ignore:easy_install command is deprecated setup.py egg_info --egg-base ../../build/teleop_core build --build-base /home/frank/frank_ws/build/teleop_core/build install --record /home/frank/frank_ws/build/teleop_core/install.log --single-version-externally-managed install_data
[5.953s] INFO:colcon.colcon_core.shell:Creating environment descriptor '/home/frank/frank_ws/install/share/teleop_core/hook/cmake_prefix_path.dsv'
[5.954s] INFO:colcon.colcon_core.shell:Creating environment hook '/home/frank/frank_ws/install/share/teleop_core/hook/cmake_prefix_path.sh'
[5.955s] Level 1:colcon.colcon_core.environment:checking '/home/frank/frank_ws/install/lib'
[5.956s] Level 1:colcon.colcon_core.environment:checking '/home/frank/frank_ws/install/bin'
[5.956s] Level 1:colcon.colcon_core.environment:checking '/home/frank/frank_ws/install/lib/pkgconfig/teleop_core.pc'
[5.956s] Level 1:colcon.colcon_core.environment:checking '/home/frank/frank_ws/install/lib/python3.10/site-packages'
[5.956s] Level 1:colcon.colcon_core.shell:create_environment_hook('teleop_core', 'pythonpath')
[5.957s] INFO:colcon.colcon_core.shell:Creating environment hook '/home/frank/frank_ws/install/share/teleop_core/hook/pythonpath.ps1'
[5.964s] INFO:colcon.colcon_core.shell:Creating environment descriptor '/home/frank/frank_ws/install/share/teleop_core/hook/pythonpath.dsv'
[5.966s] INFO:colcon.colcon_core.shell:Creating environment hook '/home/frank/frank_ws/install/share/teleop_core/hook/pythonpath.sh'
[5.967s] Level 1:colcon.colcon_core.environment:checking '/home/frank/frank_ws/install/bin'
[5.968s] Level 1:colcon.colcon_core.environment:create_environment_scripts_only(teleop_core)
[5.968s] INFO:colcon.colcon_core.shell:Creating package script '/home/frank/frank_ws/install/share/teleop_core/package.ps1'
[5.981s] INFO:colcon.colcon_core.shell:Creating package descriptor '/home/frank/frank_ws/install/share/teleop_core/package.dsv'
[5.983s] INFO:colcon.colcon_core.shell:Creating package script '/home/frank/frank_ws/install/share/teleop_core/package.sh'
[5.984s] INFO:colcon.colcon_core.shell:Creating package script '/home/frank/frank_ws/install/share/teleop_core/package.bash'
[5.985s] INFO:colcon.colcon_core.shell:Creating package script '/home/frank/frank_ws/install/share/teleop_core/package.zsh'
[5.986s] Level 1:colcon.colcon_core.environment:create_file_with_runtime_dependencies(/home/frank/frank_ws/install/share/colcon-core/packages/teleop_core)
[14.509s] DEBUG:colcon.colcon_core.event_handler.log_command:Invoked command in '/home/frank/frank_ws/build/ombot_hardware' returned '0': CMAKE_PREFIX_PATH=${CMAKE_PREFIX_PATH}:/opt/ros/humble /usr/bin/cmake --build /home/frank/frank_ws/build/ombot_hardware -- -j6 -l6
[14.512s] DEBUG:colcon.colcon_core.event_handler.log_command:Invoking command in '/home/frank/frank_ws/build/ombot_hardware': CMAKE_PREFIX_PATH=${CMAKE_PREFIX_PATH}:/opt/ros/humble /usr/bin/cmake --install /home/frank/frank_ws/build/ombot_hardware
[14.538s] Level 1:colcon.colcon_core.environment:create_environment_scripts_only(ombot_hardware)
[14.538s] Level 1:colcon.colcon_core.environment:checking '/home/frank/frank_ws/install' for CMake module files
[14.539s] Level 1:colcon.colcon_core.environment:checking '/home/frank/frank_ws/install' for CMake config files
[14.540s] Level 1:colcon.colcon_core.shell:create_environment_hook('ombot_hardware', 'cmake_prefix_path')
[14.541s] INFO:colcon.colcon_core.shell:Creating environment hook '/home/frank/frank_ws/install/share/ombot_hardware/hook/cmake_prefix_path.ps1'
[14.542s] DEBUG:colcon.colcon_core.event_handler.log_command:Invoked command in '/home/frank/frank_ws/build/ombot_hardware' returned '0': CMAKE_PREFIX_PATH=${CMAKE_PREFIX_PATH}:/opt/ros/humble /usr/bin/cmake --install /home/frank/frank_ws/build/ombot_hardware
[14.543s] INFO:colcon.colcon_core.shell:Creating environment descriptor '/home/frank/frank_ws/install/share/ombot_hardware/hook/cmake_prefix_path.dsv'
[14.544s] INFO:colcon.colcon_core.shell:Creating environment hook '/home/frank/frank_ws/install/share/ombot_hardware/hook/cmake_prefix_path.sh'
[14.546s] Level 1:colcon.colcon_core.environment:checking '/home/frank/frank_ws/install/lib'
[14.546s] Level 1:colcon.colcon_core.shell:create_environment_hook('ombot_hardware', 'ld_library_path_lib')
[14.547s] INFO:colcon.colcon_core.shell:Creating environment hook '/home/frank/frank_ws/install/share/ombot_hardware/hook/ld_library_path_lib.ps1'
[14.548s] INFO:colcon.colcon_core.shell:Creating environment descriptor '/home/frank/frank_ws/install/share/ombot_hardware/hook/ld_library_path_lib.dsv'
[14.549s] INFO:colcon.colcon_core.shell:Creating environment hook '/home/frank/frank_ws/install/share/ombot_hardware/hook/ld_library_path_lib.sh'
[14.550s] Level 1:colcon.colcon_core.environment:checking '/home/frank/frank_ws/install/bin'
[14.550s] Level 1:colcon.colcon_core.environment:checking '/home/frank/frank_ws/install/lib/pkgconfig/ombot_hardware.pc'
[14.551s] Level 1:colcon.colcon_core.environment:checking '/home/frank/frank_ws/install/lib/python3.10/site-packages'
[14.551s] Level 1:colcon.colcon_core.shell:create_environment_hook('ombot_hardware', 'pythonpath')
[14.551s] INFO:colcon.colcon_core.shell:Creating environment hook '/home/frank/frank_ws/install/share/ombot_hardware/hook/pythonpath.ps1'
[14.552s] INFO:colcon.colcon_core.shell:Creating environment descriptor '/home/frank/frank_ws/install/share/ombot_hardware/hook/pythonpath.dsv'
[14.553s] INFO:colcon.colcon_core.shell:Creating environment hook '/home/frank/frank_ws/install/share/ombot_hardware/hook/pythonpath.sh'
[14.554s] Level 1:colcon.colcon_core.environment:checking '/home/frank/frank_ws/install/bin'
[14.555s] INFO:colcon.colcon_core.shell:Creating package script '/home/frank/frank_ws/install/share/ombot_hardware/package.ps1'
[14.556s] INFO:colcon.colcon_core.shell:Creating package descriptor '/home/frank/frank_ws/install/share/ombot_hardware/package.dsv'
[14.557s] INFO:colcon.colcon_core.shell:Creating package script '/home/frank/frank_ws/install/share/ombot_hardware/package.sh'
[14.558s] INFO:colcon.colcon_core.shell:Creating package script '/home/frank/frank_ws/install/share/ombot_hardware/package.bash'
[14.559s] INFO:colcon.colcon_core.shell:Creating package script '/home/frank/frank_ws/install/share/ombot_hardware/package.zsh'
[14.560s] Level 1:colcon.colcon_core.environment:create_file_with_runtime_dependencies(/home/frank/frank_ws/install/share/colcon-core/packages/ombot_hardware)
[14.561s] Level 1:colcon.colcon_core.environment:create_environment_scripts_only(ombot_hardware)
[14.562s] Level 1:colcon.colcon_core.environment:checking '/home/frank/frank_ws/install' for CMake module files
[14.563s] Level 1:colcon.colcon_core.environment:checking '/home/frank/frank_ws/install' for CMake config files
[14.563s] Level 1:colcon.colcon_core.shell:create_environment_hook('ombot_hardware', 'cmake_prefix_path')
[14.564s] INFO:colcon.colcon_core.shell:Creating environment hook '/home/frank/frank_ws/install/share/ombot_hardware/hook/cmake_prefix_path.ps1'
[14.565s] INFO:colcon.colcon_core.shell:Creating environment descriptor '/home/frank/frank_ws/install/share/ombot_hardware/hook/cmake_prefix_path.dsv'
[14.566s] INFO:colcon.colcon_core.shell:Creating environment hook '/home/frank/frank_ws/install/share/ombot_hardware/hook/cmake_prefix_path.sh'
[14.567s] Level 1:colcon.colcon_core.environment:checking '/home/frank/frank_ws/install/lib'
[14.567s] Level 1:colcon.colcon_core.shell:create_environment_hook('ombot_hardware', 'ld_library_path_lib')
[14.568s] INFO:colcon.colcon_core.shell:Creating environment hook '/home/frank/frank_ws/install/share/ombot_hardware/hook/ld_library_path_lib.ps1'
[14.569s] INFO:colcon.colcon_core.shell:Creating environment descriptor '/home/frank/frank_ws/install/share/ombot_hardware/hook/ld_library_path_lib.dsv'
[14.570s] INFO:colcon.colcon_core.shell:Creating environment hook '/home/frank/frank_ws/install/share/ombot_hardware/hook/ld_library_path_lib.sh'
[14.570s] Level 1:colcon.colcon_core.environment:checking '/home/frank/frank_ws/install/bin'
[14.571s] Level 1:colcon.colcon_core.environment:checking '/home/frank/frank_ws/install/lib/pkgconfig/ombot_hardware.pc'
[14.571s] Level 1:colcon.colcon_core.environment:checking '/home/frank/frank_ws/install/lib/python3.10/site-packages'
[14.571s] Level 1:colcon.colcon_core.shell:create_environment_hook('ombot_hardware', 'pythonpath')
[14.572s] INFO:colcon.colcon_core.shell:Creating environment hook '/home/frank/frank_ws/install/share/ombot_hardware/hook/pythonpath.ps1'
[14.572s] INFO:colcon.colcon_core.shell:Creating environment descriptor '/home/frank/frank_ws/install/share/ombot_hardware/hook/pythonpath.dsv'
[14.573s] INFO:colcon.colcon_core.shell:Creating environment hook '/home/frank/frank_ws/install/share/ombot_hardware/hook/pythonpath.sh'
[14.574s] Level 1:colcon.colcon_core.environment:checking '/home/frank/frank_ws/install/bin'
[14.575s] INFO:colcon.colcon_core.shell:Creating package script '/home/frank/frank_ws/install/share/ombot_hardware/package.ps1'
[14.576s] INFO:colcon.colcon_core.shell:Creating package descriptor '/home/frank/frank_ws/install/share/ombot_hardware/package.dsv'
[14.578s] INFO:colcon.colcon_core.shell:Creating package script '/home/frank/frank_ws/install/share/ombot_hardware/package.sh'
[14.579s] INFO:colcon.colcon_core.shell:Creating package script '/home/frank/frank_ws/install/share/ombot_hardware/package.bash'
[14.580s] INFO:colcon.colcon_core.shell:Creating package script '/home/frank/frank_ws/install/share/ombot_hardware/package.zsh'
[14.581s] Level 1:colcon.colcon_core.environment:create_file_with_runtime_dependencies(/home/frank/frank_ws/install/share/colcon-core/packages/ombot_hardware)
[26.526s] DEBUG:colcon.colcon_core.event_handler.log_command:Invoked command in '/home/frank/frank_ws/build/ombot_base_kinematics' returned '0': /usr/bin/cmake --build /home/frank/frank_ws/build/ombot_base_kinematics -- -j6 -l6
[26.529s] DEBUG:colcon.colcon_core.event_handler.log_command:Invoking command in '/home/frank/frank_ws/build/ombot_base_kinematics': /usr/bin/cmake --install /home/frank/frank_ws/build/ombot_base_kinematics
[26.570s] DEBUG:colcon.colcon_core.event_handler.log_command:Invoked command in '/home/frank/frank_ws/build/ombot_base_kinematics' returned '0': /usr/bin/cmake --install /home/frank/frank_ws/build/ombot_base_kinematics
[26.571s] Level 1:colcon.colcon_core.shell:create_environment_hook('ombot_base_kinematics', 'ros_package_path')
[26.572s] INFO:colcon.colcon_core.shell:Creating environment hook '/home/frank/frank_ws/install/share/ombot_base_kinematics/hook/ros_package_path.ps1'
[26.574s] INFO:colcon.colcon_core.shell:Creating environment descriptor '/home/frank/frank_ws/install/share/ombot_base_kinematics/hook/ros_package_path.dsv'
[26.575s] INFO:colcon.colcon_core.shell:Creating environment hook '/home/frank/frank_ws/install/share/ombot_base_kinematics/hook/ros_package_path.sh'
[26.578s] Level 1:colcon.colcon_core.shell:create_environment_hook('ombot_base_kinematics', 'pkg_config_path')
[26.579s] INFO:colcon.colcon_core.shell:Creating environment hook '/home/frank/frank_ws/install/share/ombot_base_kinematics/hook/pkg_config_path.ps1'
[26.580s] INFO:colcon.colcon_core.shell:Creating environment descriptor '/home/frank/frank_ws/install/share/ombot_base_kinematics/hook/pkg_config_path.dsv'
[26.581s] INFO:colcon.colcon_core.shell:Creating environment hook '/home/frank/frank_ws/install/share/ombot_base_kinematics/hook/pkg_config_path.sh'
[26.587s] Level 1:colcon.colcon_core.shell:create_environment_hook('ombot_base_kinematics', 'pkg_config_path_multiarch')
[26.589s] INFO:colcon.colcon_core.shell:Creating environment hook '/home/frank/frank_ws/install/share/ombot_base_kinematics/hook/pkg_config_path_multiarch.ps1'
[26.590s] INFO:colcon.colcon_core.shell:Creating environment descriptor '/home/frank/frank_ws/install/share/ombot_base_kinematics/hook/pkg_config_path_multiarch.dsv'
[26.592s] INFO:colcon.colcon_core.shell:Creating environment hook '/home/frank/frank_ws/install/share/ombot_base_kinematics/hook/pkg_config_path_multiarch.sh'
[26.595s] Level 1:colcon.colcon_core.environment:create_environment_scripts_only(ombot_base_kinematics)
[26.596s] Level 1:colcon.colcon_core.environment:checking '/home/frank/frank_ws/install' for CMake module files
[26.598s] Level 1:colcon.colcon_core.environment:checking '/home/frank/frank_ws/install' for CMake config files
[26.599s] Level 1:colcon.colcon_core.shell:create_environment_hook('ombot_base_kinematics', 'cmake_prefix_path')
[26.600s] INFO:colcon.colcon_core.shell:Creating environment hook '/home/frank/frank_ws/install/share/ombot_base_kinematics/hook/cmake_prefix_path.ps1'
[26.601s] INFO:colcon.colcon_core.shell:Creating environment descriptor '/home/frank/frank_ws/install/share/ombot_base_kinematics/hook/cmake_prefix_path.dsv'
[26.603s] INFO:colcon.colcon_core.shell:Creating environment hook '/home/frank/frank_ws/install/share/ombot_base_kinematics/hook/cmake_prefix_path.sh'
[26.604s] Level 1:colcon.colcon_core.environment:checking '/home/frank/frank_ws/install/lib'
[26.605s] Level 1:colcon.colcon_core.shell:create_environment_hook('ombot_base_kinematics', 'ld_library_path_lib')
[26.606s] INFO:colcon.colcon_core.shell:Creating environment hook '/home/frank/frank_ws/install/share/ombot_base_kinematics/hook/ld_library_path_lib.ps1'
[26.607s] INFO:colcon.colcon_core.shell:Creating environment descriptor '/home/frank/frank_ws/install/share/ombot_base_kinematics/hook/ld_library_path_lib.dsv'
[26.608s] INFO:colcon.colcon_core.shell:Creating environment hook '/home/frank/frank_ws/install/share/ombot_base_kinematics/hook/ld_library_path_lib.sh'
[26.609s] Level 1:colcon.colcon_core.environment:checking '/home/frank/frank_ws/install/bin'
[26.610s] Level 1:colcon.colcon_core.environment:checking '/home/frank/frank_ws/install/lib/pkgconfig/ombot_base_kinematics.pc'
[26.610s] Level 1:colcon.colcon_core.environment:checking '/home/frank/frank_ws/install/lib/python3.10/site-packages'
[26.611s] Level 1:colcon.colcon_core.shell:create_environment_hook('ombot_base_kinematics', 'pythonpath')
[26.611s] INFO:colcon.colcon_core.shell:Creating environment hook '/home/frank/frank_ws/install/share/ombot_base_kinematics/hook/pythonpath.ps1'
[26.613s] INFO:colcon.colcon_core.shell:Creating environment descriptor '/home/frank/frank_ws/install/share/ombot_base_kinematics/hook/pythonpath.dsv'
[26.614s] INFO:colcon.colcon_core.shell:Creating environment hook '/home/frank/frank_ws/install/share/ombot_base_kinematics/hook/pythonpath.sh'
[26.616s] Level 1:colcon.colcon_core.environment:checking '/home/frank/frank_ws/install/bin'
[26.617s] INFO:colcon.colcon_core.shell:Creating package script '/home/frank/frank_ws/install/share/ombot_base_kinematics/package.ps1'
[26.622s] INFO:colcon.colcon_core.shell:Creating package descriptor '/home/frank/frank_ws/install/share/ombot_base_kinematics/package.dsv'
[26.624s] INFO:colcon.colcon_core.shell:Creating package script '/home/frank/frank_ws/install/share/ombot_base_kinematics/package.sh'
[26.626s] INFO:colcon.colcon_core.shell:Creating package script '/home/frank/frank_ws/install/share/ombot_base_kinematics/package.bash'
[26.627s] INFO:colcon.colcon_core.shell:Creating package script '/home/frank/frank_ws/install/share/ombot_base_kinematics/package.zsh'
[26.629s] Level 1:colcon.colcon_core.environment:create_file_with_runtime_dependencies(/home/frank/frank_ws/install/share/colcon-core/packages/ombot_base_kinematics)
[28.073s] DEBUG:colcon.colcon_core.event_handler.log_command:Invoked command in '/home/frank/frank_ws/build/ombot_controller' returned '0': CMAKE_PREFIX_PATH=${CMAKE_PREFIX_PATH}:/opt/ros/humble /usr/bin/cmake --build /home/frank/frank_ws/build/ombot_controller -- -j6 -l6
[28.079s] DEBUG:colcon.colcon_core.event_handler.log_command:Invoking command in '/home/frank/frank_ws/build/ombot_controller': CMAKE_PREFIX_PATH=${CMAKE_PREFIX_PATH}:/opt/ros/humble /usr/bin/cmake --install /home/frank/frank_ws/build/ombot_controller
[28.137s] Level 1:colcon.colcon_core.environment:create_environment_scripts_only(ombot_controller)
[28.138s] Level 1:colcon.colcon_core.environment:checking '/home/frank/frank_ws/install' for CMake module files
[28.139s] DEBUG:colcon.colcon_core.event_handler.log_command:Invoked command in '/home/frank/frank_ws/build/ombot_controller' returned '0': CMAKE_PREFIX_PATH=${CMAKE_PREFIX_PATH}:/opt/ros/humble /usr/bin/cmake --install /home/frank/frank_ws/build/ombot_controller
[28.141s] Level 1:colcon.colcon_core.environment:checking '/home/frank/frank_ws/install' for CMake config files
[28.142s] Level 1:colcon.colcon_core.shell:create_environment_hook('ombot_controller', 'cmake_prefix_path')
[28.143s] INFO:colcon.colcon_core.shell:Creating environment hook '/home/frank/frank_ws/install/share/ombot_controller/hook/cmake_prefix_path.ps1'
[28.145s] INFO:colcon.colcon_core.shell:Creating environment descriptor '/home/frank/frank_ws/install/share/ombot_controller/hook/cmake_prefix_path.dsv'
[28.146s] INFO:colcon.colcon_core.shell:Creating environment hook '/home/frank/frank_ws/install/share/ombot_controller/hook/cmake_prefix_path.sh'
[28.148s] Level 1:colcon.colcon_core.environment:checking '/home/frank/frank_ws/install/lib'
[28.149s] Level 1:colcon.colcon_core.shell:create_environment_hook('ombot_controller', 'ld_library_path_lib')
[28.150s] INFO:colcon.colcon_core.shell:Creating environment hook '/home/frank/frank_ws/install/share/ombot_controller/hook/ld_library_path_lib.ps1'
[28.151s] INFO:colcon.colcon_core.shell:Creating environment descriptor '/home/frank/frank_ws/install/share/ombot_controller/hook/ld_library_path_lib.dsv'
[28.152s] INFO:colcon.colcon_core.shell:Creating environment hook '/home/frank/frank_ws/install/share/ombot_controller/hook/ld_library_path_lib.sh'
[28.154s] Level 1:colcon.colcon_core.environment:checking '/home/frank/frank_ws/install/bin'
[28.154s] Level 1:colcon.colcon_core.environment:checking '/home/frank/frank_ws/install/lib/pkgconfig/ombot_controller.pc'
[28.155s] Level 1:colcon.colcon_core.environment:checking '/home/frank/frank_ws/install/lib/python3.10/site-packages'
[28.155s] Level 1:colcon.colcon_core.shell:create_environment_hook('ombot_controller', 'pythonpath')
[28.156s] INFO:colcon.colcon_core.shell:Creating environment hook '/home/frank/frank_ws/install/share/ombot_controller/hook/pythonpath.ps1'
[28.157s] INFO:colcon.colcon_core.shell:Creating environment descriptor '/home/frank/frank_ws/install/share/ombot_controller/hook/pythonpath.dsv'
[28.159s] INFO:colcon.colcon_core.shell:Creating environment hook '/home/frank/frank_ws/install/share/ombot_controller/hook/pythonpath.sh'
[28.160s] Level 1:colcon.colcon_core.environment:checking '/home/frank/frank_ws/install/bin'
[28.162s] INFO:colcon.colcon_core.shell:Creating package script '/home/frank/frank_ws/install/share/ombot_controller/package.ps1'
[28.164s] INFO:colcon.colcon_core.shell:Creating package descriptor '/home/frank/frank_ws/install/share/ombot_controller/package.dsv'
[28.166s] INFO:colcon.colcon_core.shell:Creating package script '/home/frank/frank_ws/install/share/ombot_controller/package.sh'
[28.167s] INFO:colcon.colcon_core.shell:Creating package script '/home/frank/frank_ws/install/share/ombot_controller/package.bash'
[28.169s] INFO:colcon.colcon_core.shell:Creating package script '/home/frank/frank_ws/install/share/ombot_controller/package.zsh'
[28.170s] Level 1:colcon.colcon_core.environment:create_file_with_runtime_dependencies(/home/frank/frank_ws/install/share/colcon-core/packages/ombot_controller)
[28.172s] Level 1:colcon.colcon_core.environment:create_environment_scripts_only(ombot_controller)
[28.173s] Level 1:colcon.colcon_core.environment:checking '/home/frank/frank_ws/install' for CMake module files
[28.174s] Level 1:colcon.colcon_core.environment:checking '/home/frank/frank_ws/install' for CMake config files
[28.176s] Level 1:colcon.colcon_core.shell:create_environment_hook('ombot_controller', 'cmake_prefix_path')
[28.176s] INFO:colcon.colcon_core.shell:Creating environment hook '/home/frank/frank_ws/install/share/ombot_controller/hook/cmake_prefix_path.ps1'
[28.178s] INFO:colcon.colcon_core.shell:Creating environment descriptor '/home/frank/frank_ws/install/share/ombot_controller/hook/cmake_prefix_path.dsv'
[28.179s] INFO:colcon.colcon_core.shell:Creating environment hook '/home/frank/frank_ws/install/share/ombot_controller/hook/cmake_prefix_path.sh'
[28.181s] Level 1:colcon.colcon_core.environment:checking '/home/frank/frank_ws/install/lib'
[28.182s] Level 1:colcon.colcon_core.shell:create_environment_hook('ombot_controller', 'ld_library_path_lib')
[28.182s] INFO:colcon.colcon_core.shell:Creating environment hook '/home/frank/frank_ws/install/share/ombot_controller/hook/ld_library_path_lib.ps1'
[28.184s] INFO:colcon.colcon_core.shell:Creating environment descriptor '/home/frank/frank_ws/install/share/ombot_controller/hook/ld_library_path_lib.dsv'
[28.185s] INFO:colcon.colcon_core.shell:Creating environment hook '/home/frank/frank_ws/install/share/ombot_controller/hook/ld_library_path_lib.sh'
[28.187s] Level 1:colcon.colcon_core.environment:checking '/home/frank/frank_ws/install/bin'
[28.187s] Level 1:colcon.colcon_core.environment:checking '/home/frank/frank_ws/install/lib/pkgconfig/ombot_controller.pc'
[28.188s] Level 1:colcon.colcon_core.environment:checking '/home/frank/frank_ws/install/lib/python3.10/site-packages'
[28.188s] Level 1:colcon.colcon_core.shell:create_environment_hook('ombot_controller', 'pythonpath')
[28.189s] INFO:colcon.colcon_core.shell:Creating environment hook '/home/frank/frank_ws/install/share/ombot_controller/hook/pythonpath.ps1'
[28.190s] INFO:colcon.colcon_core.shell:Creating environment descriptor '/home/frank/frank_ws/install/share/ombot_controller/hook/pythonpath.dsv'
[28.191s] INFO:colcon.colcon_core.shell:Creating environment hook '/home/frank/frank_ws/install/share/ombot_controller/hook/pythonpath.sh'
[28.193s] Level 1:colcon.colcon_core.environment:checking '/home/frank/frank_ws/install/bin'
[28.194s] INFO:colcon.colcon_core.shell:Creating package script '/home/frank/frank_ws/install/share/ombot_controller/package.ps1'
[28.196s] INFO:colcon.colcon_core.shell:Creating package descriptor '/home/frank/frank_ws/install/share/ombot_controller/package.dsv'
[28.197s] INFO:colcon.colcon_core.shell:Creating package script '/home/frank/frank_ws/install/share/ombot_controller/package.sh'
[28.199s] INFO:colcon.colcon_core.shell:Creating package script '/home/frank/frank_ws/install/share/ombot_controller/package.bash'
[28.200s] INFO:colcon.colcon_core.shell:Creating package script '/home/frank/frank_ws/install/share/ombot_controller/package.zsh'
[28.201s] Level 1:colcon.colcon_core.environment:create_file_with_runtime_dependencies(/home/frank/frank_ws/install/share/colcon-core/packages/ombot_controller)
[28.202s] INFO:colcon.colcon_ros.task.ament_cmake.build:Building ROS package in '/home/frank/frank_ws/src/ombot_bringup' with build type 'ament_cmake'
[28.203s] INFO:colcon.colcon_cmake.task.cmake.build:Building CMake package in '/home/frank/frank_ws/src/ombot_bringup'
[28.204s] INFO:colcon.colcon_core.shell:Skip shell extension 'powershell' for command environment: Not usable outside of PowerShell
[28.205s] DEBUG:colcon.colcon_core.shell:Skip shell extension 'dsv' for command environment
[28.207s] WARNING:colcon.colcon_ros.prefix_path.catkin:The path '/home/frank/frank_ws/install' in the environment variable CMAKE_PREFIX_PATH seems to be a catkin workspace but it doesn't contain any 'local_setup.*' files. Maybe the catkin version is not up-to-date?
[28.240s] DEBUG:colcon.colcon_core.event_handler.log_command:Invoking command in '/home/frank/frank_ws/build/ombot_bringup': CMAKE_PREFIX_PATH=/opt/ros/humble:${CMAKE_PREFIX_PATH} LD_LIBRARY_PATH=/home/frank/frank_ws/install/lib:/opt/ros/humble/opt/rviz_ogre_vendor/lib:/opt/ros/humble/lib/aarch64-linux-gnu:/opt/ros/humble/lib:/usr/local/cuda-12.6/lib64 PYTHONPATH=/home/frank/frank_ws/install/lib/python3.10/site-packages:${PYTHONPATH} /usr/bin/cmake /home/frank/frank_ws/src/ombot_bringup -DCMAKE_INSTALL_PREFIX=/home/frank/frank_ws/install
[29.635s] DEBUG:colcon.colcon_core.event_handler.log_command:Invoked command in '/home/frank/frank_ws/build/ombot_bringup' returned '0': CMAKE_PREFIX_PATH=/opt/ros/humble:${CMAKE_PREFIX_PATH} LD_LIBRARY_PATH=/home/frank/frank_ws/install/lib:/opt/ros/humble/opt/rviz_ogre_vendor/lib:/opt/ros/humble/lib/aarch64-linux-gnu:/opt/ros/humble/lib:/usr/local/cuda-12.6/lib64 PYTHONPATH=/home/frank/frank_ws/install/lib/python3.10/site-packages:${PYTHONPATH} /usr/bin/cmake /home/frank/frank_ws/src/ombot_bringup -DCMAKE_INSTALL_PREFIX=/home/frank/frank_ws/install
[29.641s] DEBUG:colcon.colcon_core.event_handler.log_command:Invoking command in '/home/frank/frank_ws/build/ombot_bringup': CMAKE_PREFIX_PATH=/opt/ros/humble:${CMAKE_PREFIX_PATH} LD_LIBRARY_PATH=/home/frank/frank_ws/install/lib:/opt/ros/humble/opt/rviz_ogre_vendor/lib:/opt/ros/humble/lib/aarch64-linux-gnu:/opt/ros/humble/lib:/usr/local/cuda-12.6/lib64 PYTHONPATH=/home/frank/frank_ws/install/lib/python3.10/site-packages:${PYTHONPATH} /usr/bin/cmake --build /home/frank/frank_ws/build/ombot_bringup -- -j6 -l6
[29.732s] DEBUG:colcon.colcon_core.event_handler.log_command:Invoked command in '/home/frank/frank_ws/build/ombot_bringup' returned '0': CMAKE_PREFIX_PATH=/opt/ros/humble:${CMAKE_PREFIX_PATH} LD_LIBRARY_PATH=/home/frank/frank_ws/install/lib:/opt/ros/humble/opt/rviz_ogre_vendor/lib:/opt/ros/humble/lib/aarch64-linux-gnu:/opt/ros/humble/lib:/usr/local/cuda-12.6/lib64 PYTHONPATH=/home/frank/frank_ws/install/lib/python3.10/site-packages:${PYTHONPATH} /usr/bin/cmake --build /home/frank/frank_ws/build/ombot_bringup -- -j6 -l6
[29.736s] DEBUG:colcon.colcon_core.event_handler.log_command:Invoking command in '/home/frank/frank_ws/build/ombot_bringup': CMAKE_PREFIX_PATH=/opt/ros/humble:${CMAKE_PREFIX_PATH} LD_LIBRARY_PATH=/home/frank/frank_ws/install/lib:/opt/ros/humble/opt/rviz_ogre_vendor/lib:/opt/ros/humble/lib/aarch64-linux-gnu:/opt/ros/humble/lib:/usr/local/cuda-12.6/lib64 PYTHONPATH=/home/frank/frank_ws/install/lib/python3.10/site-packages:${PYTHONPATH} /usr/bin/cmake --install /home/frank/frank_ws/build/ombot_bringup
[29.768s] Level 1:colcon.colcon_core.environment:create_environment_scripts_only(ombot_bringup)
[29.769s] Level 1:colcon.colcon_core.environment:checking '/home/frank/frank_ws/install' for CMake module files
[29.770s] DEBUG:colcon.colcon_core.event_handler.log_command:Invoked command in '/home/frank/frank_ws/build/ombot_bringup' returned '0': CMAKE_PREFIX_PATH=/opt/ros/humble:${CMAKE_PREFIX_PATH} LD_LIBRARY_PATH=/home/frank/frank_ws/install/lib:/opt/ros/humble/opt/rviz_ogre_vendor/lib:/opt/ros/humble/lib/aarch64-linux-gnu:/opt/ros/humble/lib:/usr/local/cuda-12.6/lib64 PYTHONPATH=/home/frank/frank_ws/install/lib/python3.10/site-packages:${PYTHONPATH} /usr/bin/cmake --install /home/frank/frank_ws/build/ombot_bringup
[29.772s] Level 1:colcon.colcon_core.environment:checking '/home/frank/frank_ws/install' for CMake config files
[29.773s] Level 1:colcon.colcon_core.shell:create_environment_hook('ombot_bringup', 'cmake_prefix_path')
[29.774s] INFO:colcon.colcon_core.shell:Creating environment hook '/home/frank/frank_ws/install/share/ombot_bringup/hook/cmake_prefix_path.ps1'
[29.775s] INFO:colcon.colcon_core.shell:Creating environment descriptor '/home/frank/frank_ws/install/share/ombot_bringup/hook/cmake_prefix_path.dsv'
[29.777s] INFO:colcon.colcon_core.shell:Creating environment hook '/home/frank/frank_ws/install/share/ombot_bringup/hook/cmake_prefix_path.sh'
[29.779s] Level 1:colcon.colcon_core.environment:checking '/home/frank/frank_ws/install/lib'
[29.779s] Level 1:colcon.colcon_core.shell:create_environment_hook('ombot_bringup', 'ld_library_path_lib')
[29.780s] INFO:colcon.colcon_core.shell:Creating environment hook '/home/frank/frank_ws/install/share/ombot_bringup/hook/ld_library_path_lib.ps1'
[29.781s] INFO:colcon.colcon_core.shell:Creating environment descriptor '/home/frank/frank_ws/install/share/ombot_bringup/hook/ld_library_path_lib.dsv'
[29.783s] INFO:colcon.colcon_core.shell:Creating environment hook '/home/frank/frank_ws/install/share/ombot_bringup/hook/ld_library_path_lib.sh'
[29.784s] Level 1:colcon.colcon_core.environment:checking '/home/frank/frank_ws/install/bin'
[29.784s] Level 1:colcon.colcon_core.environment:checking '/home/frank/frank_ws/install/lib/pkgconfig/ombot_bringup.pc'
[29.785s] Level 1:colcon.colcon_core.environment:checking '/home/frank/frank_ws/install/lib/python3.10/site-packages'
[29.785s] Level 1:colcon.colcon_core.shell:create_environment_hook('ombot_bringup', 'pythonpath')
[29.786s] INFO:colcon.colcon_core.shell:Creating environment hook '/home/frank/frank_ws/install/share/ombot_bringup/hook/pythonpath.ps1'
[29.788s] INFO:colcon.colcon_core.shell:Creating environment descriptor '/home/frank/frank_ws/install/share/ombot_bringup/hook/pythonpath.dsv'
[29.789s] INFO:colcon.colcon_core.shell:Creating environment hook '/home/frank/frank_ws/install/share/ombot_bringup/hook/pythonpath.sh'
[29.791s] Level 1:colcon.colcon_core.environment:checking '/home/frank/frank_ws/install/bin'
[29.792s] INFO:colcon.colcon_core.shell:Creating package script '/home/frank/frank_ws/install/share/ombot_bringup/package.ps1'
[29.794s] INFO:colcon.colcon_core.shell:Creating package descriptor '/home/frank/frank_ws/install/share/ombot_bringup/package.dsv'
[29.796s] INFO:colcon.colcon_core.shell:Creating package script '/home/frank/frank_ws/install/share/ombot_bringup/package.sh'
[29.798s] INFO:colcon.colcon_core.shell:Creating package script '/home/frank/frank_ws/install/share/ombot_bringup/package.bash'
[29.799s] INFO:colcon.colcon_core.shell:Creating package script '/home/frank/frank_ws/install/share/ombot_bringup/package.zsh'
[29.801s] Level 1:colcon.colcon_core.environment:create_file_with_runtime_dependencies(/home/frank/frank_ws/install/share/colcon-core/packages/ombot_bringup)
[29.803s] Level 1:colcon.colcon_core.environment:create_environment_scripts_only(ombot_bringup)
[29.803s] Level 1:colcon.colcon_core.environment:checking '/home/frank/frank_ws/install' for CMake module files
[29.805s] Level 1:colcon.colcon_core.environment:checking '/home/frank/frank_ws/install' for CMake config files
[29.806s] Level 1:colcon.colcon_core.shell:create_environment_hook('ombot_bringup', 'cmake_prefix_path')
[29.807s] INFO:colcon.colcon_core.shell:Creating environment hook '/home/frank/frank_ws/install/share/ombot_bringup/hook/cmake_prefix_path.ps1'
[29.810s] INFO:colcon.colcon_core.shell:Creating environment descriptor '/home/frank/frank_ws/install/share/ombot_bringup/hook/cmake_prefix_path.dsv'
[29.811s] INFO:colcon.colcon_core.shell:Creating environment hook '/home/frank/frank_ws/install/share/ombot_bringup/hook/cmake_prefix_path.sh'
[29.813s] Level 1:colcon.colcon_core.environment:checking '/home/frank/frank_ws/install/lib'
[29.814s] Level 1:colcon.colcon_core.shell:create_environment_hook('ombot_bringup', 'ld_library_path_lib')
[29.814s] INFO:colcon.colcon_core.shell:Creating environment hook '/home/frank/frank_ws/install/share/ombot_bringup/hook/ld_library_path_lib.ps1'
[29.816s] INFO:colcon.colcon_core.shell:Creating environment descriptor '/home/frank/frank_ws/install/share/ombot_bringup/hook/ld_library_path_lib.dsv'
[29.817s] INFO:colcon.colcon_core.shell:Creating environment hook '/home/frank/frank_ws/install/share/ombot_bringup/hook/ld_library_path_lib.sh'
[29.818s] Level 1:colcon.colcon_core.environment:checking '/home/frank/frank_ws/install/bin'
[29.818s] Level 1:colcon.colcon_core.environment:checking '/home/frank/frank_ws/install/lib/pkgconfig/ombot_bringup.pc'
[29.819s] Level 1:colcon.colcon_core.environment:checking '/home/frank/frank_ws/install/lib/python3.10/site-packages'
[29.819s] Level 1:colcon.colcon_core.shell:create_environment_hook('ombot_bringup', 'pythonpath')
[29.820s] INFO:colcon.colcon_core.shell:Creating environment hook '/home/frank/frank_ws/install/share/ombot_bringup/hook/pythonpath.ps1'
[29.822s] INFO:colcon.colcon_core.shell:Creating environment descriptor '/home/frank/frank_ws/install/share/ombot_bringup/hook/pythonpath.dsv'
[29.823s] INFO:colcon.colcon_core.shell:Creating environment hook '/home/frank/frank_ws/install/share/ombot_bringup/hook/pythonpath.sh'
[29.824s] Level 1:colcon.colcon_core.environment:checking '/home/frank/frank_ws/install/bin'
[29.826s] INFO:colcon.colcon_core.shell:Creating package script '/home/frank/frank_ws/install/share/ombot_bringup/package.ps1'
[29.827s] INFO:colcon.colcon_core.shell:Creating package descriptor '/home/frank/frank_ws/install/share/ombot_bringup/package.dsv'
[29.829s] INFO:colcon.colcon_core.shell:Creating package script '/home/frank/frank_ws/install/share/ombot_bringup/package.sh'
[29.830s] INFO:colcon.colcon_core.shell:Creating package script '/home/frank/frank_ws/install/share/ombot_bringup/package.bash'
[29.832s] INFO:colcon.colcon_core.shell:Creating package script '/home/frank/frank_ws/install/share/ombot_bringup/package.zsh'
[29.833s] Level 1:colcon.colcon_core.environment:create_file_with_runtime_dependencies(/home/frank/frank_ws/install/share/colcon-core/packages/ombot_bringup)
[29.834s] DEBUG:colcon.colcon_parallel_executor.executor.parallel:closing loop
[29.835s] DEBUG:colcon.colcon_parallel_executor.executor.parallel:loop closed
[29.835s] DEBUG:colcon.colcon_parallel_executor.executor.parallel:run_until_complete finished with '0'
[29.835s] DEBUG:colcon.colcon_core.event_reactor:joining thread
[29.856s] INFO:colcon.colcon_core.plugin_system:Skipping extension 'colcon_notification.desktop_notification.terminal_notifier': Not used on non-Darwin systems
[29.857s] INFO:colcon.colcon_core.plugin_system:Skipping extension 'colcon_notification.desktop_notification.win32': Not used on non-Windows systems
[29.857s] INFO:colcon.colcon_notification.desktop_notification:Sending desktop notification using 'notify2'
[29.895s] DEBUG:colcon.colcon_core.event_reactor:joined thread
[29.896s] INFO:colcon.colcon_core.shell:Creating prefix script '/home/frank/frank_ws/install/local_setup.ps1'
[29.900s] INFO:colcon.colcon_core.shell:Creating prefix util module '/home/frank/frank_ws/install/_local_setup_util_ps1.py'
[29.905s] INFO:colcon.colcon_core.shell:Creating prefix chain script '/home/frank/frank_ws/install/setup.ps1'
[29.908s] INFO:colcon.colcon_core.shell:Creating prefix script '/home/frank/frank_ws/install/local_setup.sh'
[29.910s] INFO:colcon.colcon_core.shell:Creating prefix util module '/home/frank/frank_ws/install/_local_setup_util_sh.py'
[29.912s] INFO:colcon.colcon_core.shell:Creating prefix chain script '/home/frank/frank_ws/install/setup.sh'
[29.915s] INFO:colcon.colcon_core.shell:Creating prefix script '/home/frank/frank_ws/install/local_setup.bash'
[29.917s] INFO:colcon.colcon_core.shell:Creating prefix chain script '/home/frank/frank_ws/install/setup.bash'
[29.920s] INFO:colcon.colcon_core.shell:Creating prefix script '/home/frank/frank_ws/install/local_setup.zsh'
[29.921s] INFO:colcon.colcon_core.shell:Creating prefix chain script '/home/frank/frank_ws/install/setup.zsh'
