[1.784s] Invoking command in '/home/frank/frank_ws/src/locomotion_core': PYTHONPATH=/home/frank/frank_ws/build/locomotion_core/prefix_override:/usr/lib/python3/dist-packages/colcon_core/task/python/colcon_distutils_commands:/home/frank/frank_ws/install/lib/python3.10/site-packages:${PYTHONPATH} /usr/bin/python3 -W ignore:setup.py install is deprecated -W ignore:easy_install command is deprecated setup.py egg_info --egg-base ../../build/locomotion_core build --build-base /home/frank/frank_ws/build/locomotion_core/build install --record /home/frank/frank_ws/build/locomotion_core/install.log --single-version-externally-managed install_data
[2.277s] running egg_info
[2.279s] creating ../../build/locomotion_core/locomotion_core.egg-info
[2.279s] writing ../../build/locomotion_core/locomotion_core.egg-info/PKG-INFO
[2.280s] writing dependency_links to ../../build/locomotion_core/locomotion_core.egg-info/dependency_links.txt
[2.281s] writing entry points to ../../build/locomotion_core/locomotion_core.egg-info/entry_points.txt
[2.281s] writing requirements to ../../build/locomotion_core/locomotion_core.egg-info/requires.txt
[2.281s] writing top-level names to ../../build/locomotion_core/locomotion_core.egg-info/top_level.txt
[2.281s] writing manifest file '../../build/locomotion_core/locomotion_core.egg-info/SOURCES.txt'
[2.285s] reading manifest file '../../build/locomotion_core/locomotion_core.egg-info/SOURCES.txt'
[2.286s] writing manifest file '../../build/locomotion_core/locomotion_core.egg-info/SOURCES.txt'
[2.287s] running build
[2.288s] running build_py
[2.289s] creating /home/frank/frank_ws/build/locomotion_core/build
[2.290s] creating /home/frank/frank_ws/build/locomotion_core/build/lib
[2.290s] creating /home/frank/frank_ws/build/locomotion_core/build/lib/locomotion_core
[2.290s] copying locomotion_core/__init__.py -> /home/frank/frank_ws/build/locomotion_core/build/lib/locomotion_core
[2.291s] copying locomotion_core/cmd_roboteq_test.py -> /home/frank/frank_ws/build/locomotion_core/build/lib/locomotion_core
[2.291s] copying locomotion_core/cmd_roboteq.py -> /home/frank/frank_ws/build/locomotion_core/build/lib/locomotion_core
[2.291s] copying locomotion_core/rover_velocity.py -> /home/frank/frank_ws/build/locomotion_core/build/lib/locomotion_core
[2.291s] copying locomotion_core/RoverDescription.py -> /home/frank/frank_ws/build/locomotion_core/build/lib/locomotion_core
[2.292s] copying locomotion_core/driver_node.py -> /home/frank/frank_ws/build/locomotion_core/build/lib/locomotion_core
[2.292s] copying locomotion_core/RobotDefinition.py -> /home/frank/frank_ws/build/locomotion_core/build/lib/locomotion_core
[2.293s] running install
[2.294s] running install_lib
[2.296s] creating /home/frank/frank_ws/install/lib/python3.10/site-packages/locomotion_core
[2.296s] copying /home/frank/frank_ws/build/locomotion_core/build/lib/locomotion_core/__init__.py -> /home/frank/frank_ws/install/lib/python3.10/site-packages/locomotion_core
[2.296s] copying /home/frank/frank_ws/build/locomotion_core/build/lib/locomotion_core/cmd_roboteq_test.py -> /home/frank/frank_ws/install/lib/python3.10/site-packages/locomotion_core
[2.296s] copying /home/frank/frank_ws/build/locomotion_core/build/lib/locomotion_core/cmd_roboteq.py -> /home/frank/frank_ws/install/lib/python3.10/site-packages/locomotion_core
[2.296s] copying /home/frank/frank_ws/build/locomotion_core/build/lib/locomotion_core/rover_velocity.py -> /home/frank/frank_ws/install/lib/python3.10/site-packages/locomotion_core
[2.297s] copying /home/frank/frank_ws/build/locomotion_core/build/lib/locomotion_core/RoverDescription.py -> /home/frank/frank_ws/install/lib/python3.10/site-packages/locomotion_core
[2.297s] copying /home/frank/frank_ws/build/locomotion_core/build/lib/locomotion_core/driver_node.py -> /home/frank/frank_ws/install/lib/python3.10/site-packages/locomotion_core
[2.297s] copying /home/frank/frank_ws/build/locomotion_core/build/lib/locomotion_core/RobotDefinition.py -> /home/frank/frank_ws/install/lib/python3.10/site-packages/locomotion_core
[2.298s] byte-compiling /home/frank/frank_ws/install/lib/python3.10/site-packages/locomotion_core/__init__.py to __init__.cpython-310.pyc
[2.298s] byte-compiling /home/frank/frank_ws/install/lib/python3.10/site-packages/locomotion_core/cmd_roboteq_test.py to cmd_roboteq_test.cpython-310.pyc
[2.304s] byte-compiling /home/frank/frank_ws/install/lib/python3.10/site-packages/locomotion_core/cmd_roboteq.py to cmd_roboteq.cpython-310.pyc
[2.304s] byte-compiling /home/frank/frank_ws/install/lib/python3.10/site-packages/locomotion_core/rover_velocity.py to rover_velocity.cpython-310.pyc
[2.304s] byte-compiling /home/frank/frank_ws/install/lib/python3.10/site-packages/locomotion_core/RoverDescription.py to RoverDescription.cpython-310.pyc
[2.304s] byte-compiling /home/frank/frank_ws/install/lib/python3.10/site-packages/locomotion_core/driver_node.py to driver_node.cpython-310.pyc
[2.305s] byte-compiling /home/frank/frank_ws/install/lib/python3.10/site-packages/locomotion_core/RobotDefinition.py to RobotDefinition.cpython-310.pyc
[2.305s] running install_data
[2.305s] creating /home/frank/frank_ws/install/share/ament_index
[2.305s] creating /home/frank/frank_ws/install/share/ament_index/resource_index
[2.305s] creating /home/frank/frank_ws/install/share/ament_index/resource_index/packages
[2.305s] copying resource/locomotion_core -> /home/frank/frank_ws/install/share/ament_index/resource_index/packages
[2.306s] copying package.xml -> /home/frank/frank_ws/install/share/locomotion_core
[2.306s] running install_egg_info
[2.310s] Copying ../../build/locomotion_core/locomotion_core.egg-info to /home/frank/frank_ws/install/lib/python3.10/site-packages/locomotion_core-0.0.0-py3.10.egg-info
[2.313s] running install_scripts
[2.353s] Installing cmd_roboteq script to /home/frank/frank_ws/install/lib/locomotion_core
[2.353s] Installing drive_selector script to /home/frank/frank_ws/install/lib/locomotion_core
[2.354s] Installing movebase_core script to /home/frank/frank_ws/install/lib/locomotion_core
[2.354s] Installing rover_state_controller script to /home/frank/frank_ws/install/lib/locomotion_core
[2.354s] Installing rover_velocity script to /home/frank/frank_ws/install/lib/locomotion_core
[2.354s] writing list of installed files to '/home/frank/frank_ws/build/locomotion_core/install.log'
[2.435s] Invoked command in '/home/frank/frank_ws/src/locomotion_core' returned '0': PYTHONPATH=/home/frank/frank_ws/build/locomotion_core/prefix_override:/usr/lib/python3/dist-packages/colcon_core/task/python/colcon_distutils_commands:/home/frank/frank_ws/install/lib/python3.10/site-packages:${PYTHONPATH} /usr/bin/python3 -W ignore:setup.py install is deprecated -W ignore:easy_install command is deprecated setup.py egg_info --egg-base ../../build/locomotion_core build --build-base /home/frank/frank_ws/build/locomotion_core/build install --record /home/frank/frank_ws/build/locomotion_core/install.log --single-version-externally-managed install_data
