-- The CXX compiler identification is GNU 11.4.0
-- Detecting CXX compiler ABI info
-- Detecting CXX compiler ABI info - done
-- Check for working CXX compiler: /usr/bin/c++ - skipped
-- Detecting CXX compile features
-- Detecting CXX compile features - done
-- Found ament_cmake: 1.3.12 (/opt/ros/humble/share/ament_cmake/cmake)
-- Found Python3: /usr/bin/python3 (found version "3.10.12") found components: Interpreter 
-- Found rclcpp: 16.0.15 (/opt/ros/humble/share/rclcpp/cmake)
-- Found rosidl_generator_c: 3.1.7 (/opt/ros/humble/share/rosidl_generator_c/cmake)
-- Found rosidl_adapter: 3.1.7 (/opt/ros/humble/share/rosidl_adapter/cmake)
-- Found rosidl_generator_cpp: 3.1.7 (/opt/ros/humble/share/rosidl_generator_cpp/cmake)
-- Using all available rosidl_typesupport_c: rosidl_typesupport_fastrtps_c;rosidl_typesupport_introspection_c
-- Using all available rosidl_typesupport_cpp: rosidl_typesupport_fastrtps_cpp;rosidl_typesupport_introspection_cpp
-- Found rmw_implementation_cmake: 6.1.2 (/opt/ros/humble/share/rmw_implementation_cmake/cmake)
-- Found rmw_fastrtps_cpp: 6.2.8 (/opt/ros/humble/share/rmw_fastrtps_cpp/cmake)
-- Found OpenSSL: /usr/lib/aarch64-linux-gnu/libcrypto.so (found version "3.0.2")  
-- Found FastRTPS: /opt/ros/humble/include  
-- Using RMW implementation 'rmw_fastrtps_cpp' as default
-- Looking for C++ include pthread.h
-- Looking for C++ include pthread.h - found
-- Performing Test CMAKE_HAVE_LIBC_PTHREAD
-- Performing Test CMAKE_HAVE_LIBC_PTHREAD - Success
-- Found Threads: TRUE  
-- Found rclcpp_lifecycle: 16.0.15 (/opt/ros/humble/share/rclcpp_lifecycle/cmake)
-- Found pluginlib: 5.1.0 (/opt/ros/humble/share/pluginlib/cmake)
-- Found hardware_interface: 2.52.0 (/opt/ros/humble/share/hardware_interface/cmake)
-- Found dynamixel_sdk: 3.8.4 (/opt/ros/humble/share/dynamixel_sdk/cmake)
-- Configuring done
-- Generating done
-- Build files have been written to: /home/frank/frank_ws/build/ombot_hardware
[ 33%] [32mBuilding CXX object CMakeFiles/ombot_hardware.dir/src/ombot_arm_hardware.cpp.o[0m
[ 66%] [32mBuilding CXX object CMakeFiles/ombot_hardware.dir/src/ombot_base_hardware.cpp.o[0m
[100%] [32m[1mLinking CXX shared library libombot_hardware.so[0m
[100%] Built target ombot_hardware
-- Install configuration: ""
-- Installing: /home/frank/frank_ws/install/share/ombot_hardware/ombot_hardware.xml
-- Installing: /home/frank/frank_ws/install/lib/libombot_hardware.so
-- Set runtime path of "/home/frank/frank_ws/install/lib/libombot_hardware.so" to ""
-- Installing: /home/frank/frank_ws/install/include
-- Installing: /home/frank/frank_ws/install/include/ombot_hardware
-- Installing: /home/frank/frank_ws/install/include/ombot_hardware/ombot_base_hardware.hpp
-- Installing: /home/frank/frank_ws/install/include/ombot_hardware/ombot_arm_hardware.hpp
-- Up-to-date: /home/frank/frank_ws/install/share/ombot_hardware/ombot_hardware.xml
-- Installing: /home/frank/frank_ws/install/share/ament_index/resource_index/package_run_dependencies/ombot_hardware
-- Installing: /home/frank/frank_ws/install/share/ament_index/resource_index/parent_prefix_path/ombot_hardware
-- Installing: /home/frank/frank_ws/install/share/ombot_hardware/environment/ament_prefix_path.sh
-- Installing: /home/frank/frank_ws/install/share/ombot_hardware/environment/ament_prefix_path.dsv
-- Installing: /home/frank/frank_ws/install/share/ombot_hardware/environment/path.sh
-- Installing: /home/frank/frank_ws/install/share/ombot_hardware/environment/path.dsv
-- Installing: /home/frank/frank_ws/install/share/ombot_hardware/local_setup.bash
-- Installing: /home/frank/frank_ws/install/share/ombot_hardware/local_setup.sh
-- Installing: /home/frank/frank_ws/install/share/ombot_hardware/local_setup.zsh
-- Installing: /home/frank/frank_ws/install/share/ombot_hardware/local_setup.dsv
-- Installing: /home/frank/frank_ws/install/share/ombot_hardware/package.dsv
-- Installing: /home/frank/frank_ws/install/share/ament_index/resource_index/packages/ombot_hardware
-- Installing: /home/frank/frank_ws/install/share/ament_index/resource_index/hardware_interface__pluginlib__plugin/ombot_hardware
-- Installing: /home/frank/frank_ws/install/share/ombot_hardware/cmake/ament_cmake_export_dependencies-extras.cmake
-- Installing: /home/frank/frank_ws/install/share/ombot_hardware/cmake/ombot_hardwareConfig.cmake
-- Installing: /home/frank/frank_ws/install/share/ombot_hardware/cmake/ombot_hardwareConfig-version.cmake
-- Installing: /home/frank/frank_ws/install/share/ombot_hardware/package.xml
