[0.050s] Invoking command in '/home/frank/frank_ws/build/ombot_hardware': CMAKE_PREFIX_PATH=${CMAKE_PREFIX_PATH}:/opt/ros/humble /usr/bin/cmake /home/frank/frank_ws/src/ombot_hardware -DCMAKE_INSTALL_PREFIX=/home/frank/frank_ws/install
[0.831s] -- The CXX compiler identification is GNU 11.4.0
[0.831s] -- Detecting CXX compiler ABI info
[0.831s] -- Detecting CXX compiler ABI info - done
[0.831s] -- Check for working CXX compiler: /usr/bin/c++ - skipped
[0.832s] -- Detecting CXX compile features
[0.832s] -- Detecting CXX compile features - done
[0.832s] -- Found ament_cmake: 1.3.12 (/opt/ros/humble/share/ament_cmake/cmake)
[1.036s] -- Found Python3: /usr/bin/python3 (found version "3.10.12") found components: Interpreter 
[1.277s] -- Found rclcpp: 16.0.15 (/opt/ros/humble/share/rclcpp/cmake)
[1.359s] -- Found rosidl_generator_c: 3.1.7 (/opt/ros/humble/share/rosidl_generator_c/cmake)
[1.369s] -- Found rosidl_adapter: 3.1.7 (/opt/ros/humble/share/rosidl_adapter/cmake)
[1.386s] -- Found rosidl_generator_cpp: 3.1.7 (/opt/ros/humble/share/rosidl_generator_cpp/cmake)
[1.412s] -- Using all available rosidl_typesupport_c: rosidl_typesupport_fastrtps_c;rosidl_typesupport_introspection_c
[1.448s] -- Using all available rosidl_typesupport_cpp: rosidl_typesupport_fastrtps_cpp;rosidl_typesupport_introspection_cpp
[1.539s] -- Found rmw_implementation_cmake: 6.1.2 (/opt/ros/humble/share/rmw_implementation_cmake/cmake)
[1.545s] -- Found rmw_fastrtps_cpp: 6.2.8 (/opt/ros/humble/share/rmw_fastrtps_cpp/cmake)
[1.853s] -- Found OpenSSL: /usr/lib/aarch64-linux-gnu/libcrypto.so (found version "3.0.2")  
[1.902s] -- Found FastRTPS: /opt/ros/humble/include  
[1.974s] -- Using RMW implementation 'rmw_fastrtps_cpp' as default
[1.989s] -- Looking for C++ include pthread.h
[2.154s] -- Looking for C++ include pthread.h - found
[2.154s] -- Performing Test CMAKE_HAVE_LIBC_PTHREAD
[2.315s] -- Performing Test CMAKE_HAVE_LIBC_PTHREAD - Success
[2.315s] -- Found Threads: TRUE  
[2.404s] -- Found rclcpp_lifecycle: 16.0.15 (/opt/ros/humble/share/rclcpp_lifecycle/cmake)
[2.447s] -- Found pluginlib: 5.1.0 (/opt/ros/humble/share/pluginlib/cmake)
[2.492s] -- Found hardware_interface: 2.52.0 (/opt/ros/humble/share/hardware_interface/cmake)
[2.678s] -- Found dynamixel_sdk: 3.8.4 (/opt/ros/humble/share/dynamixel_sdk/cmake)
[2.820s] -- Configuring done
[2.845s] -- Generating done
[2.854s] -- Build files have been written to: /home/frank/frank_ws/build/ombot_hardware
[3.146s] Invoked command in '/home/frank/frank_ws/build/ombot_hardware' returned '0': CMAKE_PREFIX_PATH=${CMAKE_PREFIX_PATH}:/opt/ros/humble /usr/bin/cmake /home/frank/frank_ws/src/ombot_hardware -DCMAKE_INSTALL_PREFIX=/home/frank/frank_ws/install
[3.150s] Invoking command in '/home/frank/frank_ws/build/ombot_hardware': CMAKE_PREFIX_PATH=${CMAKE_PREFIX_PATH}:/opt/ros/humble /usr/bin/cmake --build /home/frank/frank_ws/build/ombot_hardware -- -j6 -l6
[3.247s] [ 33%] [32mBuilding CXX object CMakeFiles/ombot_hardware.dir/src/ombot_arm_hardware.cpp.o[0m
[3.253s] [ 66%] [32mBuilding CXX object CMakeFiles/ombot_hardware.dir/src/ombot_base_hardware.cpp.o[0m
[13.319s] [100%] [32m[1mLinking CXX shared library libombot_hardware.so[0m
[13.736s] [100%] Built target ombot_hardware
[13.760s] Invoked command in '/home/frank/frank_ws/build/ombot_hardware' returned '0': CMAKE_PREFIX_PATH=${CMAKE_PREFIX_PATH}:/opt/ros/humble /usr/bin/cmake --build /home/frank/frank_ws/build/ombot_hardware -- -j6 -l6
[13.764s] Invoking command in '/home/frank/frank_ws/build/ombot_hardware': CMAKE_PREFIX_PATH=${CMAKE_PREFIX_PATH}:/opt/ros/humble /usr/bin/cmake --install /home/frank/frank_ws/build/ombot_hardware
[13.778s] -- Install configuration: ""
[13.778s] -- Installing: /home/frank/frank_ws/install/share/ombot_hardware/ombot_hardware.xml
[13.779s] -- Installing: /home/frank/frank_ws/install/lib/libombot_hardware.so
[13.781s] -- Set runtime path of "/home/frank/frank_ws/install/lib/libombot_hardware.so" to ""
[13.782s] -- Installing: /home/frank/frank_ws/install/include
[13.782s] -- Installing: /home/frank/frank_ws/install/include/ombot_hardware
[13.782s] -- Installing: /home/frank/frank_ws/install/include/ombot_hardware/ombot_base_hardware.hpp
[13.782s] -- Installing: /home/frank/frank_ws/install/include/ombot_hardware/ombot_arm_hardware.hpp
[13.782s] -- Up-to-date: /home/frank/frank_ws/install/share/ombot_hardware/ombot_hardware.xml
[13.783s] -- Installing: /home/frank/frank_ws/install/share/ament_index/resource_index/package_run_dependencies/ombot_hardware
[13.783s] -- Installing: /home/frank/frank_ws/install/share/ament_index/resource_index/parent_prefix_path/ombot_hardware
[13.783s] -- Installing: /home/frank/frank_ws/install/share/ombot_hardware/environment/ament_prefix_path.sh
[13.783s] -- Installing: /home/frank/frank_ws/install/share/ombot_hardware/environment/ament_prefix_path.dsv
[13.783s] -- Installing: /home/frank/frank_ws/install/share/ombot_hardware/environment/path.sh
[13.784s] -- Installing: /home/frank/frank_ws/install/share/ombot_hardware/environment/path.dsv
[13.784s] -- Installing: /home/frank/frank_ws/install/share/ombot_hardware/local_setup.bash
[13.784s] -- Installing: /home/frank/frank_ws/install/share/ombot_hardware/local_setup.sh
[13.784s] -- Installing: /home/frank/frank_ws/install/share/ombot_hardware/local_setup.zsh
[13.784s] -- Installing: /home/frank/frank_ws/install/share/ombot_hardware/local_setup.dsv
[13.785s] -- Installing: /home/frank/frank_ws/install/share/ombot_hardware/package.dsv
[13.785s] -- Installing: /home/frank/frank_ws/install/share/ament_index/resource_index/packages/ombot_hardware
[13.786s] -- Installing: /home/frank/frank_ws/install/share/ament_index/resource_index/hardware_interface__pluginlib__plugin/ombot_hardware
[13.786s] -- Installing: /home/frank/frank_ws/install/share/ombot_hardware/cmake/ament_cmake_export_dependencies-extras.cmake
[13.786s] -- Installing: /home/frank/frank_ws/install/share/ombot_hardware/cmake/ombot_hardwareConfig.cmake
[13.786s] -- Installing: /home/frank/frank_ws/install/share/ombot_hardware/cmake/ombot_hardwareConfig-version.cmake
[13.786s] -- Installing: /home/frank/frank_ws/install/share/ombot_hardware/package.xml
[13.794s] Invoked command in '/home/frank/frank_ws/build/ombot_hardware' returned '0': CMAKE_PREFIX_PATH=${CMAKE_PREFIX_PATH}:/opt/ros/humble /usr/bin/cmake --install /home/frank/frank_ws/build/ombot_hardware
