[0.055s] Invoking command in '/home/frank/frank_ws/build/ombot_controller': CMAKE_PREFIX_PATH=${CMAKE_PREFIX_PATH}:/opt/ros/humble /usr/bin/cmake /home/frank/frank_ws/src/ombot_controller -DCMAKE_INSTALL_PREFIX=/home/frank/frank_ws/install
[0.822s] -- The CXX compiler identification is GNU 11.4.0
[0.823s] -- Detecting CXX compiler ABI info
[0.823s] -- Detecting CXX compiler ABI info - done
[0.823s] -- Check for working CXX compiler: /usr/bin/c++ - skipped
[0.823s] -- Detecting CXX compile features
[0.823s] -- Detecting CXX compile features - done
[0.823s] -- Found ament_cmake: 1.3.12 (/opt/ros/humble/share/ament_cmake/cmake)
[0.973s] -- Found Python3: /usr/bin/python3 (found version "3.10.12") found components: Interpreter 
[1.260s] -- Found pluginlib: 5.1.0 (/opt/ros/humble/share/pluginlib/cmake)
[1.367s] -- Found controller_interface: 2.52.0 (/opt/ros/humble/share/controller_interface/cmake)
[1.455s] -- Found rosidl_generator_c: 3.1.7 (/opt/ros/humble/share/rosidl_generator_c/cmake)
[1.465s] -- Found rosidl_adapter: 3.1.7 (/opt/ros/humble/share/rosidl_adapter/cmake)
[1.487s] -- Found rosidl_generator_cpp: 3.1.7 (/opt/ros/humble/share/rosidl_generator_cpp/cmake)
[1.535s] -- Using all available rosidl_typesupport_c: rosidl_typesupport_fastrtps_c;rosidl_typesupport_introspection_c
[1.573s] -- Using all available rosidl_typesupport_cpp: rosidl_typesupport_fastrtps_cpp;rosidl_typesupport_introspection_cpp
[1.953s] -- Found rmw_implementation_cmake: 6.1.2 (/opt/ros/humble/share/rmw_implementation_cmake/cmake)
[1.958s] -- Found rmw_fastrtps_cpp: 6.2.8 (/opt/ros/humble/share/rmw_fastrtps_cpp/cmake)
[1.998s] -- Found TinyXML2 via Config file: TinyXML2_DIR-NOTFOUND
[2.117s] -- Found OpenSSL: /usr/lib/aarch64-linux-gnu/libcrypto.so (found version "3.0.2")  
[2.124s] -- Found TinyXML2 via Config file: TinyXML2_DIR-NOTFOUND
[2.157s] -- Found FastRTPS: /opt/ros/humble/include  
[2.164s] -- Found TinyXML2 via Config file: TinyXML2_DIR-NOTFOUND
[2.180s] -- Found TinyXML2 via Config file: TinyXML2_DIR-NOTFOUND
[2.207s] -- Using RMW implementation 'rmw_fastrtps_cpp' as default
[2.228s] -- Looking for C++ include pthread.h
[2.406s] -- Looking for C++ include pthread.h - found
[2.406s] -- Performing Test CMAKE_HAVE_LIBC_PTHREAD
[2.586s] -- Performing Test CMAKE_HAVE_LIBC_PTHREAD - Success
[2.588s] -- Found Threads: TRUE  
[2.692s] -- Found realtime_tools: 2.14.0 (/opt/ros/humble/share/realtime_tools/cmake)
[2.716s] -- Found kdl_parser: 2.6.4 (/opt/ros/humble/share/kdl_parser/cmake)
[2.738s] -- Found eigen3_cmake_module: 0.1.1 (/opt/ros/humble/share/eigen3_cmake_module/cmake)
[2.740s] -- Found Eigen3: TRUE (found version "3.4.0") 
[2.741s] -- Ensuring Eigen3 include directory is part of orocos-kdl CMake target
[2.888s] -- Configuring done
[2.912s] -- Generating done
[2.921s] -- Build files have been written to: /home/frank/frank_ws/build/ombot_controller
[3.167s] Invoked command in '/home/frank/frank_ws/build/ombot_controller' returned '0': CMAKE_PREFIX_PATH=${CMAKE_PREFIX_PATH}:/opt/ros/humble /usr/bin/cmake /home/frank/frank_ws/src/ombot_controller -DCMAKE_INSTALL_PREFIX=/home/frank/frank_ws/install
[3.170s] Invoking command in '/home/frank/frank_ws/build/ombot_controller': CMAKE_PREFIX_PATH=${CMAKE_PREFIX_PATH}:/opt/ros/humble /usr/bin/cmake --build /home/frank/frank_ws/build/ombot_controller -- -j6 -l6
[3.266s] [ 50%] [32mBuilding CXX object CMakeFiles/ombot_controller.dir/src/gravity_cancel_controller.cpp.o[0m
[3.266s] [ 50%] [32mBuilding CXX object CMakeFiles/ombot_controller.dir/src/effort_controller.cpp.o[0m
[3.270s] [ 75%] [32mBuilding CXX object CMakeFiles/ombot_controller.dir/src/joint_impedance_controller.cpp.o[0m
[25.813s] [100%] [32m[1mLinking CXX shared library libombot_controller.so[0m
[27.309s] [100%] Built target ombot_controller
[27.338s] Invoked command in '/home/frank/frank_ws/build/ombot_controller' returned '0': CMAKE_PREFIX_PATH=${CMAKE_PREFIX_PATH}:/opt/ros/humble /usr/bin/cmake --build /home/frank/frank_ws/build/ombot_controller -- -j6 -l6
[27.344s] Invoking command in '/home/frank/frank_ws/build/ombot_controller': CMAKE_PREFIX_PATH=${CMAKE_PREFIX_PATH}:/opt/ros/humble /usr/bin/cmake --install /home/frank/frank_ws/build/ombot_controller
[27.366s] -- Install configuration: ""
[27.366s] -- Installing: /home/frank/frank_ws/install/share/ombot_controller/ombot_controller.xml
[27.367s] -- Installing: /home/frank/frank_ws/install/lib/libombot_controller.so
[27.393s] -- Set runtime path of "/home/frank/frank_ws/install/lib/libombot_controller.so" to ""
[27.393s] -- Up-to-date: /home/frank/frank_ws/install/include
[27.394s] -- Installing: /home/frank/frank_ws/install/include/joint_impedance_controller
[27.394s] -- Installing: /home/frank/frank_ws/install/include/joint_impedance_controller/joint_impedance_controller.hpp
[27.394s] -- Installing: /home/frank/frank_ws/install/include/ombot_effort_controller
[27.395s] -- Installing: /home/frank/frank_ws/install/include/ombot_effort_controller/effort_controller.hpp
[27.395s] -- Installing: /home/frank/frank_ws/install/include/gravity_cancel_controller
[27.395s] -- Installing: /home/frank/frank_ws/install/include/gravity_cancel_controller/gravity_cancel_controller.hpp
[27.395s] -- Up-to-date: /home/frank/frank_ws/install/share/ombot_controller/ombot_controller.xml
[27.396s] -- Installing: /home/frank/frank_ws/install/share/ament_index/resource_index/package_run_dependencies/ombot_controller
[27.396s] -- Installing: /home/frank/frank_ws/install/share/ament_index/resource_index/parent_prefix_path/ombot_controller
[27.396s] -- Installing: /home/frank/frank_ws/install/share/ombot_controller/environment/ament_prefix_path.sh
[27.397s] -- Installing: /home/frank/frank_ws/install/share/ombot_controller/environment/ament_prefix_path.dsv
[27.397s] -- Installing: /home/frank/frank_ws/install/share/ombot_controller/environment/path.sh
[27.397s] -- Installing: /home/frank/frank_ws/install/share/ombot_controller/environment/path.dsv
[27.398s] -- Installing: /home/frank/frank_ws/install/share/ombot_controller/local_setup.bash
[27.398s] -- Installing: /home/frank/frank_ws/install/share/ombot_controller/local_setup.sh
[27.398s] -- Installing: /home/frank/frank_ws/install/share/ombot_controller/local_setup.zsh
[27.398s] -- Installing: /home/frank/frank_ws/install/share/ombot_controller/local_setup.dsv
[27.398s] -- Installing: /home/frank/frank_ws/install/share/ombot_controller/package.dsv
[27.399s] -- Installing: /home/frank/frank_ws/install/share/ament_index/resource_index/packages/ombot_controller
[27.399s] -- Installing: /home/frank/frank_ws/install/share/ament_index/resource_index/controller_interface__pluginlib__plugin/ombot_controller
[27.399s] -- Installing: /home/frank/frank_ws/install/share/ombot_controller/cmake/ament_cmake_export_dependencies-extras.cmake
[27.399s] -- Installing: /home/frank/frank_ws/install/share/ombot_controller/cmake/ombot_controllerConfig.cmake
[27.400s] -- Installing: /home/frank/frank_ws/install/share/ombot_controller/cmake/ombot_controllerConfig-version.cmake
[27.400s] -- Installing: /home/frank/frank_ws/install/share/ombot_controller/package.xml
[27.404s] Invoked command in '/home/frank/frank_ws/build/ombot_controller' returned '0': CMAKE_PREFIX_PATH=${CMAKE_PREFIX_PATH}:/opt/ros/humble /usr/bin/cmake --install /home/frank/frank_ws/build/ombot_controller
