[0.742s] Invoking command in '/home/frank/frank_ws/build/rover_launch': CMAKE_PREFIX_PATH=${CMAKE_PREFIX_PATH}:/opt/ros/humble /usr/bin/cmake /home/frank/frank_ws/src/rover_launch -DCMAKE_INSTALL_PREFIX=/home/frank/frank_ws/install
[0.907s] -- The C compiler identification is GNU 11.4.0
[1.090s] -- The CXX compiler identification is GNU 11.4.0
[1.107s] -- Detecting C compiler ABI info
[1.526s] -- Detecting C compiler ABI info - done
[1.541s] -- Check for working C compiler: /usr/bin/cc - skipped
[1.541s] -- Detecting C compile features
[1.542s] -- Detecting C compile features - done
[1.548s] -- Detecting CXX compiler ABI info
[1.721s] -- Detecting CXX compiler ABI info - done
[1.735s] -- Check for working CXX compiler: /usr/bin/c++ - skipped
[1.735s] -- Detecting CXX compile features
[1.738s] -- Detecting CXX compile features - done
[1.744s] -- Found ament_cmake: 1.3.12 (/opt/ros/humble/share/ament_cmake/cmake)
[2.083s] -- Found Python3: /usr/bin/python3 (found version "3.10.12") found components: Interpreter 
[2.269s] -- Found ament_lint_auto: 0.12.14 (/opt/ros/humble/share/ament_lint_auto/cmake)
[2.435s] -- Added test 'copyright' to check source files copyright and LICENSE
[2.437s] -- Added test 'flake8' to check Python code syntax and style conventions
[2.438s] -- Added test 'lint_cmake' to check CMake code style
[2.439s] -- Added test 'pep257' to check Python code against some of the docstring style conventions in PEP 257
[2.440s] -- Added test 'xmllint' to check XML markup files
[2.442s] -- Configuring done
[2.448s] -- Generating done
[2.452s] -- Build files have been written to: /home/frank/frank_ws/build/rover_launch
[2.502s] Invoked command in '/home/frank/frank_ws/build/rover_launch' returned '0': CMAKE_PREFIX_PATH=${CMAKE_PREFIX_PATH}:/opt/ros/humble /usr/bin/cmake /home/frank/frank_ws/src/rover_launch -DCMAKE_INSTALL_PREFIX=/home/frank/frank_ws/install
[2.504s] Invoking command in '/home/frank/frank_ws/build/rover_launch': CMAKE_PREFIX_PATH=${CMAKE_PREFIX_PATH}:/opt/ros/humble /usr/bin/cmake --build /home/frank/frank_ws/build/rover_launch -- -j6 -l6
[3.130s] Invoked command in '/home/frank/frank_ws/build/rover_launch' returned '0': CMAKE_PREFIX_PATH=${CMAKE_PREFIX_PATH}:/opt/ros/humble /usr/bin/cmake --build /home/frank/frank_ws/build/rover_launch -- -j6 -l6
[3.131s] Invoking command in '/home/frank/frank_ws/build/rover_launch': CMAKE_PREFIX_PATH=${CMAKE_PREFIX_PATH}:/opt/ros/humble /usr/bin/cmake --install /home/frank/frank_ws/build/rover_launch
[3.144s] -- Install configuration: ""
[3.144s] -- Installing: /home/frank/frank_ws/install/share/rover_launch/launch
[3.144s] -- Installing: /home/frank/frank_ws/install/share/rover_launch/launch/rover.launch.py
[3.149s] -- Installing: /home/frank/frank_ws/install/share/ament_index/resource_index/package_run_dependencies/rover_launch
[3.149s] -- Installing: /home/frank/frank_ws/install/share/ament_index/resource_index/parent_prefix_path/rover_launch
[3.149s] -- Installing: /home/frank/frank_ws/install/share/rover_launch/environment/ament_prefix_path.sh
[3.150s] -- Installing: /home/frank/frank_ws/install/share/rover_launch/environment/ament_prefix_path.dsv
[3.150s] -- Installing: /home/frank/frank_ws/install/share/rover_launch/environment/path.sh
[3.150s] -- Installing: /home/frank/frank_ws/install/share/rover_launch/environment/path.dsv
[3.150s] -- Installing: /home/frank/frank_ws/install/share/rover_launch/local_setup.bash
[3.150s] -- Installing: /home/frank/frank_ws/install/share/rover_launch/local_setup.sh
[3.150s] -- Installing: /home/frank/frank_ws/install/share/rover_launch/local_setup.zsh
[3.150s] -- Installing: /home/frank/frank_ws/install/share/rover_launch/local_setup.dsv
[3.150s] -- Installing: /home/frank/frank_ws/install/share/rover_launch/package.dsv
[3.151s] -- Installing: /home/frank/frank_ws/install/share/ament_index/resource_index/packages/rover_launch
[3.152s] -- Installing: /home/frank/frank_ws/install/share/rover_launch/cmake/rover_launchConfig.cmake
[3.153s] -- Installing: /home/frank/frank_ws/install/share/rover_launch/cmake/rover_launchConfig-version.cmake
[3.153s] -- Installing: /home/frank/frank_ws/install/share/rover_launch/package.xml
[3.160s] Invoked command in '/home/frank/frank_ws/build/rover_launch' returned '0': CMAKE_PREFIX_PATH=${CMAKE_PREFIX_PATH}:/opt/ros/humble /usr/bin/cmake --install /home/frank/frank_ws/build/rover_launch
